I tensorflow/stream_executor/dso_loader.cc:135] successfully opened CUDA library libcublas.so.8.0 locally
I tensorflow/stream_executor/dso_loader.cc:135] successfully opened CUDA library libcudnn.so.5 locally
I tensorflow/stream_executor/dso_loader.cc:135] successfully opened CUDA library libcufft.so.8.0 locally
I tensorflow/stream_executor/dso_loader.cc:135] successfully opened CUDA library libcuda.so.1 locally
I tensorflow/stream_executor/dso_loader.cc:135] successfully opened CUDA library libcurand.so.8.0 locally
@@TRAX:hello "trax.image=path" "trax.region=rectangle" "trax.version=1"
@@TRAX:initialize "file:///raid/hustxly/VOT_new/vot-toolkit/workspace/sequences/fish2/00000001.jpg" "259.9000,109.9900,120.3600,97.1300" 
@@TRAX:status "259.9,109.99,120.36,97.13"
@@TRAX:frame "file:///raid/hustxly/VOT_new/vot-toolkit/workspace/sequences/fish2/00000002.jpg" 
W tensorflow/core/platform/cpu_feature_guard.cc:45] The TensorFlow library wasn't compiled to use SSE3 instructions, but these are available on your machine and could speed up CPU computations.
W tensorflow/core/platform/cpu_feature_guard.cc:45] The TensorFlow library wasn't compiled to use SSE4.1 instructions, but these are available on your machine and could speed up CPU computations.
W tensorflow/core/platform/cpu_feature_guard.cc:45] The TensorFlow library wasn't compiled to use SSE4.2 instructions, but these are available on your machine and could speed up CPU computations.
W tensorflow/core/platform/cpu_feature_guard.cc:45] The TensorFlow library wasn't compiled to use AVX instructions, but these are available on your machine and could speed up CPU computations.
W tensorflow/core/platform/cpu_feature_guard.cc:45] The TensorFlow library wasn't compiled to use AVX2 instructions, but these are available on your machine and could speed up CPU computations.
W tensorflow/core/platform/cpu_feature_guard.cc:45] The TensorFlow library wasn't compiled to use FMA instructions, but these are available on your machine and could speed up CPU computations.
I tensorflow/core/common_runtime/gpu/gpu_device.cc:885] Found device 0 with properties: 
name: GeForce GTX TITAN X
major: 5 minor: 2 memoryClockRate (GHz) 1.076
pciBusID 0000:0a:00.0
Total memory: 11.92GiB
Free memory: 11.81GiB
W tensorflow/stream_executor/cuda/cuda_driver.cc:590] creating context when one is currently active; existing: 0x4700880
I tensorflow/core/common_runtime/gpu/gpu_device.cc:885] Found device 1 with properties: 
name: GeForce GTX TITAN X
major: 5 minor: 2 memoryClockRate (GHz) 1.076
pciBusID 0000:09:00.0
Total memory: 11.92GiB
Free memory: 11.81GiB
W tensorflow/stream_executor/cuda/cuda_driver.cc:590] creating context when one is currently active; existing: 0x47046b0
I tensorflow/core/common_runtime/gpu/gpu_device.cc:885] Found device 2 with properties: 
name: GeForce GTX TITAN X
major: 5 minor: 2 memoryClockRate (GHz) 1.076
pciBusID 0000:06:00.0
Total memory: 11.92GiB
Free memory: 11.81GiB
W tensorflow/stream_executor/cuda/cuda_driver.cc:590] creating context when one is currently active; existing: 0x47084e0
I tensorflow/core/common_runtime/gpu/gpu_device.cc:885] Found device 3 with properties: 
name: GeForce GTX TITAN X
major: 5 minor: 2 memoryClockRate (GHz) 1.076
pciBusID 0000:05:00.0
Total memory: 11.92GiB
Free memory: 11.52GiB
I tensorflow/core/common_runtime/gpu/gpu_device.cc:906] DMA: 0 1 2 3 
I tensorflow/core/common_runtime/gpu/gpu_device.cc:916] 0:   Y Y Y Y 
I tensorflow/core/common_runtime/gpu/gpu_device.cc:916] 1:   Y Y Y Y 
I tensorflow/core/common_runtime/gpu/gpu_device.cc:916] 2:   Y Y Y Y 
I tensorflow/core/common_runtime/gpu/gpu_device.cc:916] 3:   Y Y Y Y 
I tensorflow/core/common_runtime/gpu/gpu_device.cc:975] Creating TensorFlow device (/gpu:0) -> (device: 0, name: GeForce GTX TITAN X, pci bus id: 0000:0a:00.0)
I tensorflow/core/common_runtime/gpu/gpu_device.cc:975] Creating TensorFlow device (/gpu:1) -> (device: 1, name: GeForce GTX TITAN X, pci bus id: 0000:09:00.0)
I tensorflow/core/common_runtime/gpu/gpu_device.cc:975] Creating TensorFlow device (/gpu:2) -> (device: 2, name: GeForce GTX TITAN X, pci bus id: 0000:06:00.0)
I tensorflow/core/common_runtime/gpu/gpu_device.cc:975] Creating TensorFlow device (/gpu:3) -> (device: 3, name: GeForce GTX TITAN X, pci bus id: 0000:05:00.0)
@@TRAX:status "259.9,109.99,120.36,97.13"
@@TRAX:frame "file:///raid/hustxly/VOT_new/vot-toolkit/workspace/sequences/fish2/00000003.jpg" 
@@TRAX:status "259.9,109.99,120.36,97.13"
@@TRAX:frame "file:///raid/hustxly/VOT_new/vot-toolkit/workspace/sequences/fish2/00000004.jpg" 
@@TRAX:status "259.9,109.99,120.36,97.13"
@@TRAX:frame "file:///raid/hustxly/VOT_new/vot-toolkit/workspace/sequences/fish2/00000005.jpg" 
@@TRAX:status "259.9,109.99,120.36,97.13"
@@TRAX:frame "file:///raid/hustxly/VOT_new/vot-toolkit/workspace/sequences/fish2/00000006.jpg" 
@@TRAX:status "259.9,109.99,120.36,97.13"
@@TRAX:frame "file:///raid/hustxly/VOT_new/vot-toolkit/workspace/sequences/fish2/00000007.jpg" 
@@TRAX:status "259.9,109.99,120.36,97.13"
@@TRAX:frame "file:///raid/hustxly/VOT_new/vot-toolkit/workspace/sequences/fish2/00000008.jpg" 
@@TRAX:status "259.9,109.99,120.36,97.13"
@@TRAX:frame "file:///raid/hustxly/VOT_new/vot-toolkit/workspace/sequences/fish2/00000009.jpg" 
@@TRAX:status "259.9,109.99,120.36,97.13"
@@TRAX:frame "file:///raid/hustxly/VOT_new/vot-toolkit/workspace/sequences/fish2/00000010.jpg" 
@@TRAX:status "259.9,109.99,120.36,97.13"
@@TRAX:frame "file:///raid/hustxly/VOT_new/vot-toolkit/workspace/sequences/fish2/00000011.jpg" 
@@TRAX:status "259.9,109.99,120.36,97.13"
@@TRAX:frame "file:///raid/hustxly/VOT_new/vot-toolkit/workspace/sequences/fish2/00000012.jpg" 
@@TRAX:status "259.9,109.99,120.36,97.13"
@@TRAX:frame "file:///raid/hustxly/VOT_new/vot-toolkit/workspace/sequences/fish2/00000013.jpg" 
@@TRAX:status "259.9,109.99,120.36,97.13"
@@TRAX:frame "file:///raid/hustxly/VOT_new/vot-toolkit/workspace/sequences/fish2/00000014.jpg" 
@@TRAX:status "259.9,109.99,120.36,97.13"
@@TRAX:frame "file:///raid/hustxly/VOT_new/vot-toolkit/workspace/sequences/fish2/00000015.jpg" 
@@TRAX:status "259.9,109.99,120.36,97.13"
@@TRAX:frame "file:///raid/hustxly/VOT_new/vot-toolkit/workspace/sequences/fish2/00000016.jpg" 
@@TRAX:status "259.9,109.99,120.36,97.13"
@@TRAX:frame "file:///raid/hustxly/VOT_new/vot-toolkit/workspace/sequences/fish2/00000017.jpg" 
@@TRAX:status "259.9,109.99,120.36,97.13"
@@TRAX:frame "file:///raid/hustxly/VOT_new/vot-toolkit/workspace/sequences/fish2/00000018.jpg" 
@@TRAX:status "259.9,109.99,120.36,97.13"
@@TRAX:frame "file:///raid/hustxly/VOT_new/vot-toolkit/workspace/sequences/fish2/00000019.jpg" 
@@TRAX:status "259.9,109.99,120.36,97.13"
@@TRAX:frame "file:///raid/hustxly/VOT_new/vot-toolkit/workspace/sequences/fish2/00000020.jpg" 
@@TRAX:status "259.9,109.99,120.36,97.13"
@@TRAX:frame "file:///raid/hustxly/VOT_new/vot-toolkit/workspace/sequences/fish2/00000021.jpg" 
@@TRAX:status "259.9,109.99,120.36,97.13"
@@TRAX:frame "file:///raid/hustxly/VOT_new/vot-toolkit/workspace/sequences/fish2/00000022.jpg" 
@@TRAX:status "259.9,109.99,120.36,97.13"
@@TRAX:frame "file:///raid/hustxly/VOT_new/vot-toolkit/workspace/sequences/fish2/00000023.jpg" 
@@TRAX:status "259.9,109.99,120.36,97.13"
@@TRAX:frame "file:///raid/hustxly/VOT_new/vot-toolkit/workspace/sequences/fish2/00000024.jpg" 
@@TRAX:status "259.9,109.99,120.36,97.13"
@@TRAX:frame "file:///raid/hustxly/VOT_new/vot-toolkit/workspace/sequences/fish2/00000025.jpg" 
@@TRAX:status "259.9,109.99,120.36,97.13"
@@TRAX:frame "file:///raid/hustxly/VOT_new/vot-toolkit/workspace/sequences/fish2/00000026.jpg" 
@@TRAX:status "259.9,109.99,120.36,97.13"
@@TRAX:frame "file:///raid/hustxly/VOT_new/vot-toolkit/workspace/sequences/fish2/00000027.jpg" 
@@TRAX:status "259.9,109.99,120.36,97.13"
@@TRAX:frame "file:///raid/hustxly/VOT_new/vot-toolkit/workspace/sequences/fish2/00000028.jpg" 
@@TRAX:status "259.9,109.99,120.36,97.13"
@@TRAX:frame "file:///raid/hustxly/VOT_new/vot-toolkit/workspace/sequences/fish2/00000029.jpg" 
@@TRAX:status "259.9,109.99,120.36,97.13"
@@TRAX:frame "file:///raid/hustxly/VOT_new/vot-toolkit/workspace/sequences/fish2/00000030.jpg" 
@@TRAX:status "259.9,109.99,120.36,97.13"
@@TRAX:frame "file:///raid/hustxly/VOT_new/vot-toolkit/workspace/sequences/fish2/00000031.jpg" 
@@TRAX:status "259.9,109.99,120.36,97.13"
@@TRAX:frame "file:///raid/hustxly/VOT_new/vot-toolkit/workspace/sequences/fish2/00000032.jpg" 
@@TRAX:status "259.9,109.99,120.36,97.13"
@@TRAX:frame "file:///raid/hustxly/VOT_new/vot-toolkit/workspace/sequences/fish2/00000033.jpg" 
@@TRAX:status "259.9,109.99,120.36,97.13"
@@TRAX:frame "file:///raid/hustxly/VOT_new/vot-toolkit/workspace/sequences/fish2/00000034.jpg" 
@@TRAX:status "259.9,109.99,120.36,97.13"
@@TRAX:frame "file:///raid/hustxly/VOT_new/vot-toolkit/workspace/sequences/fish2/00000035.jpg" 
@@TRAX:status "259.9,109.99,120.36,97.13"
@@TRAX:frame "file:///raid/hustxly/VOT_new/vot-toolkit/workspace/sequences/fish2/00000036.jpg" 
@@TRAX:status "259.9,109.99,120.36,97.13"
@@TRAX:frame "file:///raid/hustxly/VOT_new/vot-toolkit/workspace/sequences/fish2/00000037.jpg" 
@@TRAX:status "259.9,109.99,120.36,97.13"
@@TRAX:frame "file:///raid/hustxly/VOT_new/vot-toolkit/workspace/sequences/fish2/00000038.jpg" 
@@TRAX:status "259.9,109.99,120.36,97.13"
@@TRAX:frame "file:///raid/hustxly/VOT_new/vot-toolkit/workspace/sequences/fish2/00000039.jpg" 
@@TRAX:status "259.9,109.99,120.36,97.13"
@@TRAX:frame "file:///raid/hustxly/VOT_new/vot-toolkit/workspace/sequences/fish2/00000040.jpg" 
@@TRAX:status "259.9,109.99,120.36,97.13"
@@TRAX:frame "file:///raid/hustxly/VOT_new/vot-toolkit/workspace/sequences/fish2/00000041.jpg" 
@@TRAX:status "259.9,109.99,120.36,97.13"
@@TRAX:frame "file:///raid/hustxly/VOT_new/vot-toolkit/workspace/sequences/fish2/00000042.jpg" 
@@TRAX:status "259.9,109.99,120.36,97.13"
@@TRAX:frame "file:///raid/hustxly/VOT_new/vot-toolkit/workspace/sequences/fish2/00000043.jpg" 
@@TRAX:status "259.9,109.99,120.36,97.13"
@@TRAX:frame "file:///raid/hustxly/VOT_new/vot-toolkit/workspace/sequences/fish2/00000044.jpg" 
@@TRAX:status "259.9,109.99,120.36,97.13"
@@TRAX:frame "file:///raid/hustxly/VOT_new/vot-toolkit/workspace/sequences/fish2/00000045.jpg" 
@@TRAX:status "259.9,109.99,120.36,97.13"
@@TRAX:frame "file:///raid/hustxly/VOT_new/vot-toolkit/workspace/sequences/fish2/00000046.jpg" 
@@TRAX:status "259.9,109.99,120.36,97.13"
@@TRAX:frame "file:///raid/hustxly/VOT_new/vot-toolkit/workspace/sequences/fish2/00000047.jpg" 
@@TRAX:status "259.9,109.99,120.36,97.13"
@@TRAX:frame "file:///raid/hustxly/VOT_new/vot-toolkit/workspace/sequences/fish2/00000048.jpg" 
@@TRAX:status "259.9,109.99,120.36,97.13"
@@TRAX:frame "file:///raid/hustxly/VOT_new/vot-toolkit/workspace/sequences/fish2/00000049.jpg" 
@@TRAX:status "259.9,109.99,120.36,97.13"
@@TRAX:frame "file:///raid/hustxly/VOT_new/vot-toolkit/workspace/sequences/fish2/00000050.jpg" 
@@TRAX:status "259.9,109.99,120.36,97.13"
@@TRAX:frame "file:///raid/hustxly/VOT_new/vot-toolkit/workspace/sequences/fish2/00000051.jpg" 
@@TRAX:status "259.9,109.99,120.36,97.13"
@@TRAX:frame "file:///raid/hustxly/VOT_new/vot-toolkit/workspace/sequences/fish2/00000052.jpg" 
@@TRAX:status "259.9,109.99,120.36,97.13"
@@TRAX:frame "file:///raid/hustxly/VOT_new/vot-toolkit/workspace/sequences/fish2/00000053.jpg" 
@@TRAX:status "259.9,109.99,120.36,97.13"
@@TRAX:frame "file:///raid/hustxly/VOT_new/vot-toolkit/workspace/sequences/fish2/00000054.jpg" 
@@TRAX:status "259.9,109.99,120.36,97.13"
@@TRAX:frame "file:///raid/hustxly/VOT_new/vot-toolkit/workspace/sequences/fish2/00000055.jpg" 
@@TRAX:status "259.9,109.99,120.36,97.13"
@@TRAX:frame "file:///raid/hustxly/VOT_new/vot-toolkit/workspace/sequences/fish2/00000056.jpg" 
@@TRAX:status "259.9,109.99,120.36,97.13"
@@TRAX:frame "file:///raid/hustxly/VOT_new/vot-toolkit/workspace/sequences/fish2/00000057.jpg" 
@@TRAX:status "259.9,109.99,120.36,97.13"
@@TRAX:frame "file:///raid/hustxly/VOT_new/vot-toolkit/workspace/sequences/fish2/00000058.jpg" 
@@TRAX:status "259.9,109.99,120.36,97.13"
@@TRAX:frame "file:///raid/hustxly/VOT_new/vot-toolkit/workspace/sequences/fish2/00000059.jpg" 
@@TRAX:status "259.9,109.99,120.36,97.13"
@@TRAX:frame "file:///raid/hustxly/VOT_new/vot-toolkit/workspace/sequences/fish2/00000060.jpg" 
@@TRAX:status "259.9,109.99,120.36,97.13"
@@TRAX:frame "file:///raid/hustxly/VOT_new/vot-toolkit/workspace/sequences/fish2/00000061.jpg" 
@@TRAX:status "259.9,109.99,120.36,97.13"
@@TRAX:frame "file:///raid/hustxly/VOT_new/vot-toolkit/workspace/sequences/fish2/00000062.jpg" 
@@TRAX:status "259.9,109.99,120.36,97.13"
@@TRAX:frame "file:///raid/hustxly/VOT_new/vot-toolkit/workspace/sequences/fish2/00000063.jpg" 
@@TRAX:status "259.9,109.99,120.36,97.13"
@@TRAX:frame "file:///raid/hustxly/VOT_new/vot-toolkit/workspace/sequences/fish2/00000064.jpg" 
@@TRAX:status "259.9,109.99,120.36,97.13"
@@TRAX:frame "file:///raid/hustxly/VOT_new/vot-toolkit/workspace/sequences/fish2/00000065.jpg" 
@@TRAX:status "259.9,109.99,120.36,97.13"
@@TRAX:frame "file:///raid/hustxly/VOT_new/vot-toolkit/workspace/sequences/fish2/00000066.jpg" 
@@TRAX:status "259.9,109.99,120.36,97.13"
@@TRAX:frame "file:///raid/hustxly/VOT_new/vot-toolkit/workspace/sequences/fish2/00000067.jpg" 
@@TRAX:status "259.9,109.99,120.36,97.13"
@@TRAX:frame "file:///raid/hustxly/VOT_new/vot-toolkit/workspace/sequences/fish2/00000068.jpg" 
@@TRAX:status "259.9,109.99,120.36,97.13"
@@TRAX:frame "file:///raid/hustxly/VOT_new/vot-toolkit/workspace/sequences/fish2/00000069.jpg" 
@@TRAX:status "259.9,109.99,120.36,97.13"
@@TRAX:frame "file:///raid/hustxly/VOT_new/vot-toolkit/workspace/sequences/fish2/00000070.jpg" 
@@TRAX:status "259.9,109.99,120.36,97.13"
@@TRAX:frame "file:///raid/hustxly/VOT_new/vot-toolkit/workspace/sequences/fish2/00000071.jpg" 
@@TRAX:status "259.9,109.99,120.36,97.13"
@@TRAX:frame "file:///raid/hustxly/VOT_new/vot-toolkit/workspace/sequences/fish2/00000072.jpg" 
@@TRAX:status "259.9,109.99,120.36,97.13"
@@TRAX:frame "file:///raid/hustxly/VOT_new/vot-toolkit/workspace/sequences/fish2/00000073.jpg" 
@@TRAX:status "259.9,109.99,120.36,97.13"
@@TRAX:frame "file:///raid/hustxly/VOT_new/vot-toolkit/workspace/sequences/fish2/00000074.jpg" 
@@TRAX:status "259.9,109.99,120.36,97.13"
@@TRAX:frame "file:///raid/hustxly/VOT_new/vot-toolkit/workspace/sequences/fish2/00000075.jpg" 
@@TRAX:status "259.9,109.99,120.36,97.13"
@@TRAX:frame "file:///raid/hustxly/VOT_new/vot-toolkit/workspace/sequences/fish2/00000076.jpg" 
@@TRAX:status "259.9,109.99,120.36,97.13"
@@TRAX:frame "file:///raid/hustxly/VOT_new/vot-toolkit/workspace/sequences/fish2/00000077.jpg" 
@@TRAX:status "259.9,109.99,120.36,97.13"
@@TRAX:frame "file:///raid/hustxly/VOT_new/vot-toolkit/workspace/sequences/fish2/00000078.jpg" 
@@TRAX:status "259.9,109.99,120.36,97.13"
@@TRAX:frame "file:///raid/hustxly/VOT_new/vot-toolkit/workspace/sequences/fish2/00000079.jpg" 
@@TRAX:status "259.9,109.99,120.36,97.13"
@@TRAX:frame "file:///raid/hustxly/VOT_new/vot-toolkit/workspace/sequences/fish2/00000080.jpg" 
@@TRAX:status "259.9,109.99,120.36,97.13"
@@TRAX:frame "file:///raid/hustxly/VOT_new/vot-toolkit/workspace/sequences/fish2/00000081.jpg" 
@@TRAX:status "259.9,109.99,120.36,97.13"
@@TRAX:frame "file:///raid/hustxly/VOT_new/vot-toolkit/workspace/sequences/fish2/00000082.jpg" 
@@TRAX:status "259.9,109.99,120.36,97.13"
@@TRAX:frame "file:///raid/hustxly/VOT_new/vot-toolkit/workspace/sequences/fish2/00000083.jpg" 
@@TRAX:status "259.9,109.99,120.36,97.13"
@@TRAX:frame "file:///raid/hustxly/VOT_new/vot-toolkit/workspace/sequences/fish2/00000084.jpg" 
@@TRAX:status "259.9,109.99,120.36,97.13"
@@TRAX:frame "file:///raid/hustxly/VOT_new/vot-toolkit/workspace/sequences/fish2/00000085.jpg" 
@@TRAX:status "259.9,109.99,120.36,97.13"
@@TRAX:frame "file:///raid/hustxly/VOT_new/vot-toolkit/workspace/sequences/fish2/00000086.jpg" 
@@TRAX:status "259.9,109.99,120.36,97.13"
@@TRAX:frame "file:///raid/hustxly/VOT_new/vot-toolkit/workspace/sequences/fish2/00000087.jpg" 
@@TRAX:status "259.9,109.99,120.36,97.13"
@@TRAX:frame "file:///raid/hustxly/VOT_new/vot-toolkit/workspace/sequences/fish2/00000088.jpg" 
@@TRAX:status "259.9,109.99,120.36,97.13"
@@TRAX:frame "file:///raid/hustxly/VOT_new/vot-toolkit/workspace/sequences/fish2/00000089.jpg" 
@@TRAX:status "259.9,109.99,120.36,97.13"
@@TRAX:frame "file:///raid/hustxly/VOT_new/vot-toolkit/workspace/sequences/fish2/00000090.jpg" 
@@TRAX:status "259.9,109.99,120.36,97.13"
@@TRAX:frame "file:///raid/hustxly/VOT_new/vot-toolkit/workspace/sequences/fish2/00000091.jpg" 
@@TRAX:status "259.9,109.99,120.36,97.13"
@@TRAX:frame "file:///raid/hustxly/VOT_new/vot-toolkit/workspace/sequences/fish2/00000092.jpg" 
@@TRAX:status "259.9,109.99,120.36,97.13"
@@TRAX:frame "file:///raid/hustxly/VOT_new/vot-toolkit/workspace/sequences/fish2/00000093.jpg" 
@@TRAX:status "259.9,109.99,120.36,97.13"
@@TRAX:frame "file:///raid/hustxly/VOT_new/vot-toolkit/workspace/sequences/fish2/00000094.jpg" 
@@TRAX:status "259.9,109.99,120.36,97.13"
@@TRAX:frame "file:///raid/hustxly/VOT_new/vot-toolkit/workspace/sequences/fish2/00000095.jpg" 
@@TRAX:status "259.9,109.99,120.36,97.13"
@@TRAX:frame "file:///raid/hustxly/VOT_new/vot-toolkit/workspace/sequences/fish2/00000096.jpg" 
@@TRAX:status "259.9,109.99,120.36,97.13"
@@TRAX:frame "file:///raid/hustxly/VOT_new/vot-toolkit/workspace/sequences/fish2/00000097.jpg" 
@@TRAX:status "259.9,109.99,120.36,97.13"
@@TRAX:frame "file:///raid/hustxly/VOT_new/vot-toolkit/workspace/sequences/fish2/00000098.jpg" 
@@TRAX:status "259.9,109.99,120.36,97.13"
@@TRAX:frame "file:///raid/hustxly/VOT_new/vot-toolkit/workspace/sequences/fish2/00000099.jpg" 
@@TRAX:status "259.9,109.99,120.36,97.13"
@@TRAX:frame "file:///raid/hustxly/VOT_new/vot-toolkit/workspace/sequences/fish2/00000100.jpg" 
@@TRAX:status "259.9,109.99,120.36,97.13"
@@TRAX:frame "file:///raid/hustxly/VOT_new/vot-toolkit/workspace/sequences/fish2/00000101.jpg" 
@@TRAX:status "259.9,109.99,120.36,97.13"
@@TRAX:frame "file:///raid/hustxly/VOT_new/vot-toolkit/workspace/sequences/fish2/00000102.jpg" 
@@TRAX:status "259.9,109.99,120.36,97.13"
@@TRAX:frame "file:///raid/hustxly/VOT_new/vot-toolkit/workspace/sequences/fish2/00000103.jpg" 
@@TRAX:status "259.9,109.99,120.36,97.13"
@@TRAX:frame "file:///raid/hustxly/VOT_new/vot-toolkit/workspace/sequences/fish2/00000104.jpg" 
@@TRAX:status "259.9,109.99,120.36,97.13"
@@TRAX:frame "file:///raid/hustxly/VOT_new/vot-toolkit/workspace/sequences/fish2/00000105.jpg" 
@@TRAX:status "259.9,109.99,120.36,97.13"
@@TRAX:frame "file:///raid/hustxly/VOT_new/vot-toolkit/workspace/sequences/fish2/00000106.jpg" 
@@TRAX:status "259.9,109.99,120.36,97.13"
@@TRAX:frame "file:///raid/hustxly/VOT_new/vot-toolkit/workspace/sequences/fish2/00000107.jpg" 
@@TRAX:status "259.9,109.99,120.36,97.13"
@@TRAX:frame "file:///raid/hustxly/VOT_new/vot-toolkit/workspace/sequences/fish2/00000108.jpg" 
@@TRAX:status "259.9,109.99,120.36,97.13"
@@TRAX:frame "file:///raid/hustxly/VOT_new/vot-toolkit/workspace/sequences/fish2/00000109.jpg" 
@@TRAX:status "259.9,109.99,120.36,97.13"
@@TRAX:frame "file:///raid/hustxly/VOT_new/vot-toolkit/workspace/sequences/fish2/00000110.jpg" 
@@TRAX:status "259.9,109.99,120.36,97.13"
@@TRAX:frame "file:///raid/hustxly/VOT_new/vot-toolkit/workspace/sequences/fish2/00000111.jpg" 
@@TRAX:status "259.9,109.99,120.36,97.13"
@@TRAX:frame "file:///raid/hustxly/VOT_new/vot-toolkit/workspace/sequences/fish2/00000112.jpg" 
@@TRAX:status "259.9,109.99,120.36,97.13"
@@TRAX:frame "file:///raid/hustxly/VOT_new/vot-toolkit/workspace/sequences/fish2/00000113.jpg" 
@@TRAX:status "259.9,109.99,120.36,97.13"
@@TRAX:frame "file:///raid/hustxly/VOT_new/vot-toolkit/workspace/sequences/fish2/00000114.jpg" 
@@TRAX:status "259.9,109.99,120.36,97.13"
@@TRAX:frame "file:///raid/hustxly/VOT_new/vot-toolkit/workspace/sequences/fish2/00000115.jpg" 
@@TRAX:status "259.9,109.99,120.36,97.13"
@@TRAX:frame "file:///raid/hustxly/VOT_new/vot-toolkit/workspace/sequences/fish2/00000116.jpg" 
@@TRAX:status "259.9,109.99,120.36,97.13"
@@TRAX:frame "file:///raid/hustxly/VOT_new/vot-toolkit/workspace/sequences/fish2/00000117.jpg" 
@@TRAX:status "259.9,109.99,120.36,97.13"
@@TRAX:frame "file:///raid/hustxly/VOT_new/vot-toolkit/workspace/sequences/fish2/00000118.jpg" 
@@TRAX:status "259.9,109.99,120.36,97.13"
@@TRAX:frame "file:///raid/hustxly/VOT_new/vot-toolkit/workspace/sequences/fish2/00000119.jpg" 
@@TRAX:status "259.9,109.99,120.36,97.13"
@@TRAX:frame "file:///raid/hustxly/VOT_new/vot-toolkit/workspace/sequences/fish2/00000120.jpg" 
@@TRAX:status "259.9,109.99,120.36,97.13"
@@TRAX:frame "file:///raid/hustxly/VOT_new/vot-toolkit/workspace/sequences/fish2/00000121.jpg" 
@@TRAX:status "259.9,109.99,120.36,97.13"
@@TRAX:frame "file:///raid/hustxly/VOT_new/vot-toolkit/workspace/sequences/fish2/00000122.jpg" 
@@TRAX:status "259.9,109.99,120.36,97.13"
@@TRAX:frame "file:///raid/hustxly/VOT_new/vot-toolkit/workspace/sequences/fish2/00000123.jpg" 
@@TRAX:status "259.9,109.99,120.36,97.13"
@@TRAX:frame "file:///raid/hustxly/VOT_new/vot-toolkit/workspace/sequences/fish2/00000124.jpg" 
@@TRAX:status "259.9,109.99,120.36,97.13"
@@TRAX:frame "file:///raid/hustxly/VOT_new/vot-toolkit/workspace/sequences/fish2/00000125.jpg" 
@@TRAX:status "259.9,109.99,120.36,97.13"
@@TRAX:frame "file:///raid/hustxly/VOT_new/vot-toolkit/workspace/sequences/fish2/00000126.jpg" 
@@TRAX:status "259.9,109.99,120.36,97.13"
@@TRAX:frame "file:///raid/hustxly/VOT_new/vot-toolkit/workspace/sequences/fish2/00000127.jpg" 
@@TRAX:status "259.9,109.99,120.36,97.13"
@@TRAX:frame "file:///raid/hustxly/VOT_new/vot-toolkit/workspace/sequences/fish2/00000128.jpg" 
@@TRAX:status "259.9,109.99,120.36,97.13"
@@TRAX:frame "file:///raid/hustxly/VOT_new/vot-toolkit/workspace/sequences/fish2/00000129.jpg" 
@@TRAX:status "259.9,109.99,120.36,97.13"
@@TRAX:frame "file:///raid/hustxly/VOT_new/vot-toolkit/workspace/sequences/fish2/00000130.jpg" 
@@TRAX:status "259.9,109.99,120.36,97.13"
@@TRAX:frame "file:///raid/hustxly/VOT_new/vot-toolkit/workspace/sequences/fish2/00000131.jpg" 
@@TRAX:status "259.9,109.99,120.36,97.13"
@@TRAX:frame "file:///raid/hustxly/VOT_new/vot-toolkit/workspace/sequences/fish2/00000132.jpg" 
@@TRAX:status "259.9,109.99,120.36,97.13"
@@TRAX:frame "file:///raid/hustxly/VOT_new/vot-toolkit/workspace/sequences/fish2/00000133.jpg" 
@@TRAX:status "259.9,109.99,120.36,97.13"
@@TRAX:frame "file:///raid/hustxly/VOT_new/vot-toolkit/workspace/sequences/fish2/00000134.jpg" 
@@TRAX:status "259.9,109.99,120.36,97.13"
@@TRAX:frame "file:///raid/hustxly/VOT_new/vot-toolkit/workspace/sequences/fish2/00000135.jpg" 
@@TRAX:status "259.9,109.99,120.36,97.13"
@@TRAX:frame "file:///raid/hustxly/VOT_new/vot-toolkit/workspace/sequences/fish2/00000136.jpg" 
@@TRAX:status "259.9,109.99,120.36,97.13"
@@TRAX:frame "file:///raid/hustxly/VOT_new/vot-toolkit/workspace/sequences/fish2/00000137.jpg" 
@@TRAX:status "259.9,109.99,120.36,97.13"
@@TRAX:frame "file:///raid/hustxly/VOT_new/vot-toolkit/workspace/sequences/fish2/00000138.jpg" 
@@TRAX:status "259.9,109.99,120.36,97.13"
@@TRAX:frame "file:///raid/hustxly/VOT_new/vot-toolkit/workspace/sequences/fish2/00000139.jpg" 
@@TRAX:status "259.9,109.99,120.36,97.13"
@@TRAX:frame "file:///raid/hustxly/VOT_new/vot-toolkit/workspace/sequences/fish2/00000140.jpg" 
@@TRAX:status "259.9,109.99,120.36,97.13"
@@TRAX:frame "file:///raid/hustxly/VOT_new/vot-toolkit/workspace/sequences/fish2/00000141.jpg" 
@@TRAX:status "259.9,109.99,120.36,97.13"
@@TRAX:frame "file:///raid/hustxly/VOT_new/vot-toolkit/workspace/sequences/fish2/00000142.jpg" 
@@TRAX:status "259.9,109.99,120.36,97.13"
@@TRAX:frame "file:///raid/hustxly/VOT_new/vot-toolkit/workspace/sequences/fish2/00000143.jpg" 
@@TRAX:status "259.9,109.99,120.36,97.13"
@@TRAX:frame "file:///raid/hustxly/VOT_new/vot-toolkit/workspace/sequences/fish2/00000144.jpg" 
@@TRAX:status "259.9,109.99,120.36,97.13"
@@TRAX:frame "file:///raid/hustxly/VOT_new/vot-toolkit/workspace/sequences/fish2/00000145.jpg" 
@@TRAX:status "259.9,109.99,120.36,97.13"
@@TRAX:frame "file:///raid/hustxly/VOT_new/vot-toolkit/workspace/sequences/fish2/00000146.jpg" 
@@TRAX:status "259.9,109.99,120.36,97.13"
@@TRAX:frame "file:///raid/hustxly/VOT_new/vot-toolkit/workspace/sequences/fish2/00000147.jpg" 
@@TRAX:status "259.9,109.99,120.36,97.13"
@@TRAX:frame "file:///raid/hustxly/VOT_new/vot-toolkit/workspace/sequences/fish2/00000148.jpg" 
@@TRAX:status "259.9,109.99,120.36,97.13"
@@TRAX:frame "file:///raid/hustxly/VOT_new/vot-toolkit/workspace/sequences/fish2/00000149.jpg" 
@@TRAX:status "259.9,109.99,120.36,97.13"
@@TRAX:frame "file:///raid/hustxly/VOT_new/vot-toolkit/workspace/sequences/fish2/00000150.jpg" 
@@TRAX:status "259.9,109.99,120.36,97.13"
@@TRAX:frame "file:///raid/hustxly/VOT_new/vot-toolkit/workspace/sequences/fish2/00000151.jpg" 
@@TRAX:status "259.9,109.99,120.36,97.13"
@@TRAX:frame "file:///raid/hustxly/VOT_new/vot-toolkit/workspace/sequences/fish2/00000152.jpg" 
@@TRAX:status "259.9,109.99,120.36,97.13"
@@TRAX:frame "file:///raid/hustxly/VOT_new/vot-toolkit/workspace/sequences/fish2/00000153.jpg" 
@@TRAX:status "259.9,109.99,120.36,97.13"
@@TRAX:frame "file:///raid/hustxly/VOT_new/vot-toolkit/workspace/sequences/fish2/00000154.jpg" 
@@TRAX:status "259.9,109.99,120.36,97.13"
@@TRAX:frame "file:///raid/hustxly/VOT_new/vot-toolkit/workspace/sequences/fish2/00000155.jpg" 
@@TRAX:status "259.9,109.99,120.36,97.13"
@@TRAX:frame "file:///raid/hustxly/VOT_new/vot-toolkit/workspace/sequences/fish2/00000156.jpg" 
@@TRAX:status "259.9,109.99,120.36,97.13"
@@TRAX:frame "file:///raid/hustxly/VOT_new/vot-toolkit/workspace/sequences/fish2/00000157.jpg" 
@@TRAX:status "259.9,109.99,120.36,97.13"
@@TRAX:frame "file:///raid/hustxly/VOT_new/vot-toolkit/workspace/sequences/fish2/00000158.jpg" 
@@TRAX:status "259.9,109.99,120.36,97.13"
@@TRAX:frame "file:///raid/hustxly/VOT_new/vot-toolkit/workspace/sequences/fish2/00000159.jpg" 
@@TRAX:status "259.9,109.99,120.36,97.13"
@@TRAX:frame "file:///raid/hustxly/VOT_new/vot-toolkit/workspace/sequences/fish2/00000160.jpg" 
@@TRAX:status "259.9,109.99,120.36,97.13"
@@TRAX:frame "file:///raid/hustxly/VOT_new/vot-toolkit/workspace/sequences/fish2/00000161.jpg" 
@@TRAX:status "259.9,109.99,120.36,97.13"
@@TRAX:frame "file:///raid/hustxly/VOT_new/vot-toolkit/workspace/sequences/fish2/00000162.jpg" 
@@TRAX:status "259.9,109.99,120.36,97.13"
@@TRAX:frame "file:///raid/hustxly/VOT_new/vot-toolkit/workspace/sequences/fish2/00000163.jpg" 
@@TRAX:status "259.9,109.99,120.36,97.13"
@@TRAX:frame "file:///raid/hustxly/VOT_new/vot-toolkit/workspace/sequences/fish2/00000164.jpg" 
@@TRAX:status "259.9,109.99,120.36,97.13"
@@TRAX:frame "file:///raid/hustxly/VOT_new/vot-toolkit/workspace/sequences/fish2/00000165.jpg" 
@@TRAX:status "259.9,109.99,120.36,97.13"
@@TRAX:frame "file:///raid/hustxly/VOT_new/vot-toolkit/workspace/sequences/fish2/00000166.jpg" 
@@TRAX:status "259.9,109.99,120.36,97.13"
@@TRAX:frame "file:///raid/hustxly/VOT_new/vot-toolkit/workspace/sequences/fish2/00000167.jpg" 
@@TRAX:status "259.9,109.99,120.36,97.13"
@@TRAX:frame "file:///raid/hustxly/VOT_new/vot-toolkit/workspace/sequences/fish2/00000168.jpg" 
@@TRAX:status "259.9,109.99,120.36,97.13"
@@TRAX:frame "file:///raid/hustxly/VOT_new/vot-toolkit/workspace/sequences/fish2/00000169.jpg" 
@@TRAX:status "259.9,109.99,120.36,97.13"
@@TRAX:frame "file:///raid/hustxly/VOT_new/vot-toolkit/workspace/sequences/fish2/00000170.jpg" 
@@TRAX:status "259.9,109.99,120.36,97.13"
@@TRAX:frame "file:///raid/hustxly/VOT_new/vot-toolkit/workspace/sequences/fish2/00000171.jpg" 
@@TRAX:status "259.9,109.99,120.36,97.13"
@@TRAX:frame "file:///raid/hustxly/VOT_new/vot-toolkit/workspace/sequences/fish2/00000172.jpg" 
@@TRAX:status "259.9,109.99,120.36,97.13"
@@TRAX:frame "file:///raid/hustxly/VOT_new/vot-toolkit/workspace/sequences/fish2/00000173.jpg" 
@@TRAX:status "259.9,109.99,120.36,97.13"
@@TRAX:frame "file:///raid/hustxly/VOT_new/vot-toolkit/workspace/sequences/fish2/00000174.jpg" 
@@TRAX:status "259.9,109.99,120.36,97.13"
@@TRAX:frame "file:///raid/hustxly/VOT_new/vot-toolkit/workspace/sequences/fish2/00000175.jpg" 
@@TRAX:status "259.9,109.99,120.36,97.13"
@@TRAX:frame "file:///raid/hustxly/VOT_new/vot-toolkit/workspace/sequences/fish2/00000176.jpg" 
@@TRAX:status "259.9,109.99,120.36,97.13"
@@TRAX:frame "file:///raid/hustxly/VOT_new/vot-toolkit/workspace/sequences/fish2/00000177.jpg" 
@@TRAX:status "259.9,109.99,120.36,97.13"
@@TRAX:frame "file:///raid/hustxly/VOT_new/vot-toolkit/workspace/sequences/fish2/00000178.jpg" 
@@TRAX:status "259.9,109.99,120.36,97.13"
@@TRAX:frame "file:///raid/hustxly/VOT_new/vot-toolkit/workspace/sequences/fish2/00000179.jpg" 
@@TRAX:status "259.9,109.99,120.36,97.13"
@@TRAX:frame "file:///raid/hustxly/VOT_new/vot-toolkit/workspace/sequences/fish2/00000180.jpg" 
@@TRAX:status "259.9,109.99,120.36,97.13"
@@TRAX:frame "file:///raid/hustxly/VOT_new/vot-toolkit/workspace/sequences/fish2/00000181.jpg" 
@@TRAX:status "259.9,109.99,120.36,97.13"
@@TRAX:frame "file:///raid/hustxly/VOT_new/vot-toolkit/workspace/sequences/fish2/00000182.jpg" 
@@TRAX:status "259.9,109.99,120.36,97.13"
@@TRAX:frame "file:///raid/hustxly/VOT_new/vot-toolkit/workspace/sequences/fish2/00000183.jpg" 
@@TRAX:status "259.9,109.99,120.36,97.13"
@@TRAX:frame "file:///raid/hustxly/VOT_new/vot-toolkit/workspace/sequences/fish2/00000184.jpg" 
@@TRAX:status "259.9,109.99,120.36,97.13"
@@TRAX:frame "file:///raid/hustxly/VOT_new/vot-toolkit/workspace/sequences/fish2/00000185.jpg" 
@@TRAX:status "259.9,109.99,120.36,97.13"
@@TRAX:frame "file:///raid/hustxly/VOT_new/vot-toolkit/workspace/sequences/fish2/00000186.jpg" 
@@TRAX:status "259.9,109.99,120.36,97.13"
@@TRAX:frame "file:///raid/hustxly/VOT_new/vot-toolkit/workspace/sequences/fish2/00000187.jpg" 
@@TRAX:status "259.9,109.99,120.36,97.13"
@@TRAX:frame "file:///raid/hustxly/VOT_new/vot-toolkit/workspace/sequences/fish2/00000188.jpg" 
@@TRAX:status "259.9,109.99,120.36,97.13"
@@TRAX:frame "file:///raid/hustxly/VOT_new/vot-toolkit/workspace/sequences/fish2/00000189.jpg" 
@@TRAX:status "259.9,109.99,120.36,97.13"
@@TRAX:frame "file:///raid/hustxly/VOT_new/vot-toolkit/workspace/sequences/fish2/00000190.jpg" 
@@TRAX:status "259.9,109.99,120.36,97.13"
@@TRAX:frame "file:///raid/hustxly/VOT_new/vot-toolkit/workspace/sequences/fish2/00000191.jpg" 
@@TRAX:status "259.9,109.99,120.36,97.13"
@@TRAX:frame "file:///raid/hustxly/VOT_new/vot-toolkit/workspace/sequences/fish2/00000192.jpg" 
@@TRAX:status "259.9,109.99,120.36,97.13"
@@TRAX:frame "file:///raid/hustxly/VOT_new/vot-toolkit/workspace/sequences/fish2/00000193.jpg" 
@@TRAX:status "259.9,109.99,120.36,97.13"
@@TRAX:quit 
I tensorflow/stream_executor/dso_loader.cc:135] successfully opened CUDA library libcublas.so.8.0 locally
I tensorflow/stream_executor/dso_loader.cc:135] successfully opened CUDA library libcudnn.so.5 locally
I tensorflow/stream_executor/dso_loader.cc:135] successfully opened CUDA library libcufft.so.8.0 locally
I tensorflow/stream_executor/dso_loader.cc:135] successfully opened CUDA library libcuda.so.1 locally
I tensorflow/stream_executor/dso_loader.cc:135] successfully opened CUDA library libcurand.so.8.0 locally
