I tensorflow/stream_executor/dso_loader.cc:135] successfully opened CUDA library libcublas.so.8.0 locally
I tensorflow/stream_executor/dso_loader.cc:135] successfully opened CUDA library libcudnn.so.5 locally
I tensorflow/stream_executor/dso_loader.cc:135] successfully opened CUDA library libcufft.so.8.0 locally
I tensorflow/stream_executor/dso_loader.cc:135] successfully opened CUDA library libcuda.so.1 locally
I tensorflow/stream_executor/dso_loader.cc:135] successfully opened CUDA library libcurand.so.8.0 locally
fuck
@@TRAX:hello "trax.image=path" "trax.region=rectangle" "trax.version=1"
@@TRAX:initialize "file:///raid/hustxly/VOT_new/vot-toolkit/workspace/sequences/fernando/00000001.jpg" "143.9000,124.8100,84.0000,196.1600" 
@@TRAX:status "143.9,124.81,84.0,196.16"
@@TRAX:frame "file:///raid/hustxly/VOT_new/vot-toolkit/workspace/sequences/fernando/00000002.jpg" 
@@TRAX:status "143.9,124.81,84.0,196.16"
@@TRAX:frame "file:///raid/hustxly/VOT_new/vot-toolkit/workspace/sequences/fernando/00000003.jpg" 
@@TRAX:status "143.9,124.81,84.0,196.16"
@@TRAX:frame "file:///raid/hustxly/VOT_new/vot-toolkit/workspace/sequences/fernando/00000004.jpg" 
@@TRAX:status "143.9,124.81,84.0,196.16"
@@TRAX:frame "file:///raid/hustxly/VOT_new/vot-toolkit/workspace/sequences/fernando/00000005.jpg" 
@@TRAX:status "143.9,124.81,84.0,196.16"
@@TRAX:frame "file:///raid/hustxly/VOT_new/vot-toolkit/workspace/sequences/fernando/00000006.jpg" 
@@TRAX:status "143.9,124.81,84.0,196.16"
@@TRAX:frame "file:///raid/hustxly/VOT_new/vot-toolkit/workspace/sequences/fernando/00000007.jpg" 
@@TRAX:status "143.9,124.81,84.0,196.16"
@@TRAX:frame "file:///raid/hustxly/VOT_new/vot-toolkit/workspace/sequences/fernando/00000008.jpg" 
@@TRAX:status "143.9,124.81,84.0,196.16"
@@TRAX:frame "file:///raid/hustxly/VOT_new/vot-toolkit/workspace/sequences/fernando/00000009.jpg" 
@@TRAX:status "143.9,124.81,84.0,196.16"
@@TRAX:frame "file:///raid/hustxly/VOT_new/vot-toolkit/workspace/sequences/fernando/00000010.jpg" 
@@TRAX:status "143.9,124.81,84.0,196.16"
@@TRAX:frame "file:///raid/hustxly/VOT_new/vot-toolkit/workspace/sequences/fernando/00000011.jpg" 
@@TRAX:status "143.9,124.81,84.0,196.16"
@@TRAX:frame "file:///raid/hustxly/VOT_new/vot-toolkit/workspace/sequences/fernando/00000012.jpg" 
@@TRAX:status "143.9,124.81,84.0,196.16"
@@TRAX:frame "file:///raid/hustxly/VOT_new/vot-toolkit/workspace/sequences/fernando/00000013.jpg" 
@@TRAX:status "143.9,124.81,84.0,196.16"
@@TRAX:frame "file:///raid/hustxly/VOT_new/vot-toolkit/workspace/sequences/fernando/00000014.jpg" 
@@TRAX:status "143.9,124.81,84.0,196.16"
@@TRAX:frame "file:///raid/hustxly/VOT_new/vot-toolkit/workspace/sequences/fernando/00000015.jpg" 
@@TRAX:status "143.9,124.81,84.0,196.16"
@@TRAX:frame "file:///raid/hustxly/VOT_new/vot-toolkit/workspace/sequences/fernando/00000016.jpg" 
@@TRAX:status "143.9,124.81,84.0,196.16"
@@TRAX:frame "file:///raid/hustxly/VOT_new/vot-toolkit/workspace/sequences/fernando/00000017.jpg" 
@@TRAX:status "143.9,124.81,84.0,196.16"
@@TRAX:frame "file:///raid/hustxly/VOT_new/vot-toolkit/workspace/sequences/fernando/00000018.jpg" 
@@TRAX:status "143.9,124.81,84.0,196.16"
@@TRAX:frame "file:///raid/hustxly/VOT_new/vot-toolkit/workspace/sequences/fernando/00000019.jpg" 
@@TRAX:status "143.9,124.81,84.0,196.16"
@@TRAX:frame "file:///raid/hustxly/VOT_new/vot-toolkit/workspace/sequences/fernando/00000020.jpg" 
@@TRAX:status "143.9,124.81,84.0,196.16"
@@TRAX:frame "file:///raid/hustxly/VOT_new/vot-toolkit/workspace/sequences/fernando/00000021.jpg" 
@@TRAX:status "143.9,124.81,84.0,196.16"
@@TRAX:frame "file:///raid/hustxly/VOT_new/vot-toolkit/workspace/sequences/fernando/00000022.jpg" 
@@TRAX:status "143.9,124.81,84.0,196.16"
@@TRAX:frame "file:///raid/hustxly/VOT_new/vot-toolkit/workspace/sequences/fernando/00000023.jpg" 
@@TRAX:status "143.9,124.81,84.0,196.16"
@@TRAX:frame "file:///raid/hustxly/VOT_new/vot-toolkit/workspace/sequences/fernando/00000024.jpg" 
@@TRAX:status "143.9,124.81,84.0,196.16"
@@TRAX:frame "file:///raid/hustxly/VOT_new/vot-toolkit/workspace/sequences/fernando/00000025.jpg" 
@@TRAX:status "143.9,124.81,84.0,196.16"
@@TRAX:frame "file:///raid/hustxly/VOT_new/vot-toolkit/workspace/sequences/fernando/00000026.jpg" 
@@TRAX:status "143.9,124.81,84.0,196.16"
@@TRAX:frame "file:///raid/hustxly/VOT_new/vot-toolkit/workspace/sequences/fernando/00000027.jpg" 
@@TRAX:status "143.9,124.81,84.0,196.16"
@@TRAX:frame "file:///raid/hustxly/VOT_new/vot-toolkit/workspace/sequences/fernando/00000028.jpg" 
@@TRAX:status "143.9,124.81,84.0,196.16"
@@TRAX:frame "file:///raid/hustxly/VOT_new/vot-toolkit/workspace/sequences/fernando/00000029.jpg" 
@@TRAX:status "143.9,124.81,84.0,196.16"
@@TRAX:frame "file:///raid/hustxly/VOT_new/vot-toolkit/workspace/sequences/fernando/00000030.jpg" 
@@TRAX:status "143.9,124.81,84.0,196.16"
@@TRAX:frame "file:///raid/hustxly/VOT_new/vot-toolkit/workspace/sequences/fernando/00000031.jpg" 
@@TRAX:status "143.9,124.81,84.0,196.16"
@@TRAX:frame "file:///raid/hustxly/VOT_new/vot-toolkit/workspace/sequences/fernando/00000032.jpg" 
@@TRAX:status "143.9,124.81,84.0,196.16"
@@TRAX:frame "file:///raid/hustxly/VOT_new/vot-toolkit/workspace/sequences/fernando/00000033.jpg" 
@@TRAX:status "143.9,124.81,84.0,196.16"
@@TRAX:frame "file:///raid/hustxly/VOT_new/vot-toolkit/workspace/sequences/fernando/00000034.jpg" 
@@TRAX:status "143.9,124.81,84.0,196.16"
@@TRAX:frame "file:///raid/hustxly/VOT_new/vot-toolkit/workspace/sequences/fernando/00000035.jpg" 
@@TRAX:status "143.9,124.81,84.0,196.16"
@@TRAX:frame "file:///raid/hustxly/VOT_new/vot-toolkit/workspace/sequences/fernando/00000036.jpg" 
@@TRAX:status "143.9,124.81,84.0,196.16"
@@TRAX:frame "file:///raid/hustxly/VOT_new/vot-toolkit/workspace/sequences/fernando/00000037.jpg" 
@@TRAX:status "143.9,124.81,84.0,196.16"
@@TRAX:frame "file:///raid/hustxly/VOT_new/vot-toolkit/workspace/sequences/fernando/00000038.jpg" 
@@TRAX:status "143.9,124.81,84.0,196.16"
@@TRAX:frame "file:///raid/hustxly/VOT_new/vot-toolkit/workspace/sequences/fernando/00000039.jpg" 
@@TRAX:status "143.9,124.81,84.0,196.16"
@@TRAX:frame "file:///raid/hustxly/VOT_new/vot-toolkit/workspace/sequences/fernando/00000040.jpg" 
@@TRAX:status "143.9,124.81,84.0,196.16"
@@TRAX:frame "file:///raid/hustxly/VOT_new/vot-toolkit/workspace/sequences/fernando/00000041.jpg" 
@@TRAX:status "143.9,124.81,84.0,196.16"
@@TRAX:frame "file:///raid/hustxly/VOT_new/vot-toolkit/workspace/sequences/fernando/00000042.jpg" 
@@TRAX:status "143.9,124.81,84.0,196.16"
@@TRAX:frame "file:///raid/hustxly/VOT_new/vot-toolkit/workspace/sequences/fernando/00000043.jpg" 
@@TRAX:status "143.9,124.81,84.0,196.16"
@@TRAX:frame "file:///raid/hustxly/VOT_new/vot-toolkit/workspace/sequences/fernando/00000044.jpg" 
@@TRAX:status "143.9,124.81,84.0,196.16"
@@TRAX:frame "file:///raid/hustxly/VOT_new/vot-toolkit/workspace/sequences/fernando/00000045.jpg" 
@@TRAX:status "143.9,124.81,84.0,196.16"
@@TRAX:frame "file:///raid/hustxly/VOT_new/vot-toolkit/workspace/sequences/fernando/00000046.jpg" 
@@TRAX:status "143.9,124.81,84.0,196.16"
@@TRAX:frame "file:///raid/hustxly/VOT_new/vot-toolkit/workspace/sequences/fernando/00000047.jpg" 
@@TRAX:status "143.9,124.81,84.0,196.16"
@@TRAX:frame "file:///raid/hustxly/VOT_new/vot-toolkit/workspace/sequences/fernando/00000048.jpg" 
@@TRAX:status "143.9,124.81,84.0,196.16"
@@TRAX:frame "file:///raid/hustxly/VOT_new/vot-toolkit/workspace/sequences/fernando/00000049.jpg" 
@@TRAX:status "143.9,124.81,84.0,196.16"
@@TRAX:frame "file:///raid/hustxly/VOT_new/vot-toolkit/workspace/sequences/fernando/00000050.jpg" 
@@TRAX:status "143.9,124.81,84.0,196.16"
@@TRAX:frame "file:///raid/hustxly/VOT_new/vot-toolkit/workspace/sequences/fernando/00000051.jpg" 
@@TRAX:status "143.9,124.81,84.0,196.16"
@@TRAX:frame "file:///raid/hustxly/VOT_new/vot-toolkit/workspace/sequences/fernando/00000052.jpg" 
@@TRAX:status "143.9,124.81,84.0,196.16"
@@TRAX:frame "file:///raid/hustxly/VOT_new/vot-toolkit/workspace/sequences/fernando/00000053.jpg" 
@@TRAX:status "143.9,124.81,84.0,196.16"
@@TRAX:frame "file:///raid/hustxly/VOT_new/vot-toolkit/workspace/sequences/fernando/00000054.jpg" 
@@TRAX:status "143.9,124.81,84.0,196.16"
@@TRAX:frame "file:///raid/hustxly/VOT_new/vot-toolkit/workspace/sequences/fernando/00000055.jpg" 
@@TRAX:status "143.9,124.81,84.0,196.16"
@@TRAX:frame "file:///raid/hustxly/VOT_new/vot-toolkit/workspace/sequences/fernando/00000056.jpg" 
@@TRAX:status "143.9,124.81,84.0,196.16"
@@TRAX:frame "file:///raid/hustxly/VOT_new/vot-toolkit/workspace/sequences/fernando/00000057.jpg" 
@@TRAX:status "143.9,124.81,84.0,196.16"
@@TRAX:frame "file:///raid/hustxly/VOT_new/vot-toolkit/workspace/sequences/fernando/00000058.jpg" 
@@TRAX:status "143.9,124.81,84.0,196.16"
@@TRAX:frame "file:///raid/hustxly/VOT_new/vot-toolkit/workspace/sequences/fernando/00000059.jpg" 
@@TRAX:status "143.9,124.81,84.0,196.16"
@@TRAX:frame "file:///raid/hustxly/VOT_new/vot-toolkit/workspace/sequences/fernando/00000060.jpg" 
@@TRAX:status "143.9,124.81,84.0,196.16"
@@TRAX:frame "file:///raid/hustxly/VOT_new/vot-toolkit/workspace/sequences/fernando/00000061.jpg" 
@@TRAX:status "143.9,124.81,84.0,196.16"
@@TRAX:frame "file:///raid/hustxly/VOT_new/vot-toolkit/workspace/sequences/fernando/00000062.jpg" 
@@TRAX:status "143.9,124.81,84.0,196.16"
@@TRAX:frame "file:///raid/hustxly/VOT_new/vot-toolkit/workspace/sequences/fernando/00000063.jpg" 
@@TRAX:status "143.9,124.81,84.0,196.16"
@@TRAX:frame "file:///raid/hustxly/VOT_new/vot-toolkit/workspace/sequences/fernando/00000064.jpg" 
@@TRAX:status "143.9,124.81,84.0,196.16"
@@TRAX:frame "file:///raid/hustxly/VOT_new/vot-toolkit/workspace/sequences/fernando/00000065.jpg" 
@@TRAX:status "143.9,124.81,84.0,196.16"
@@TRAX:frame "file:///raid/hustxly/VOT_new/vot-toolkit/workspace/sequences/fernando/00000066.jpg" 
@@TRAX:status "143.9,124.81,84.0,196.16"
@@TRAX:frame "file:///raid/hustxly/VOT_new/vot-toolkit/workspace/sequences/fernando/00000067.jpg" 
@@TRAX:status "143.9,124.81,84.0,196.16"
@@TRAX:frame "file:///raid/hustxly/VOT_new/vot-toolkit/workspace/sequences/fernando/00000068.jpg" 
@@TRAX:status "143.9,124.81,84.0,196.16"
@@TRAX:frame "file:///raid/hustxly/VOT_new/vot-toolkit/workspace/sequences/fernando/00000069.jpg" 
@@TRAX:status "143.9,124.81,84.0,196.16"
@@TRAX:frame "file:///raid/hustxly/VOT_new/vot-toolkit/workspace/sequences/fernando/00000070.jpg" 
@@TRAX:status "143.9,124.81,84.0,196.16"
@@TRAX:frame "file:///raid/hustxly/VOT_new/vot-toolkit/workspace/sequences/fernando/00000071.jpg" 
@@TRAX:status "143.9,124.81,84.0,196.16"
@@TRAX:frame "file:///raid/hustxly/VOT_new/vot-toolkit/workspace/sequences/fernando/00000072.jpg" 
@@TRAX:status "143.9,124.81,84.0,196.16"
@@TRAX:frame "file:///raid/hustxly/VOT_new/vot-toolkit/workspace/sequences/fernando/00000073.jpg" 
@@TRAX:status "143.9,124.81,84.0,196.16"
@@TRAX:frame "file:///raid/hustxly/VOT_new/vot-toolkit/workspace/sequences/fernando/00000074.jpg" 
@@TRAX:status "143.9,124.81,84.0,196.16"
@@TRAX:frame "file:///raid/hustxly/VOT_new/vot-toolkit/workspace/sequences/fernando/00000075.jpg" 
@@TRAX:status "143.9,124.81,84.0,196.16"
@@TRAX:frame "file:///raid/hustxly/VOT_new/vot-toolkit/workspace/sequences/fernando/00000076.jpg" 
@@TRAX:status "143.9,124.81,84.0,196.16"
@@TRAX:frame "file:///raid/hustxly/VOT_new/vot-toolkit/workspace/sequences/fernando/00000077.jpg" 
@@TRAX:status "143.9,124.81,84.0,196.16"
@@TRAX:frame "file:///raid/hustxly/VOT_new/vot-toolkit/workspace/sequences/fernando/00000078.jpg" 
@@TRAX:status "143.9,124.81,84.0,196.16"
@@TRAX:frame "file:///raid/hustxly/VOT_new/vot-toolkit/workspace/sequences/fernando/00000079.jpg" 
@@TRAX:status "143.9,124.81,84.0,196.16"
@@TRAX:frame "file:///raid/hustxly/VOT_new/vot-toolkit/workspace/sequences/fernando/00000080.jpg" 
@@TRAX:status "143.9,124.81,84.0,196.16"
@@TRAX:frame "file:///raid/hustxly/VOT_new/vot-toolkit/workspace/sequences/fernando/00000081.jpg" 
@@TRAX:status "143.9,124.81,84.0,196.16"
@@TRAX:frame "file:///raid/hustxly/VOT_new/vot-toolkit/workspace/sequences/fernando/00000082.jpg" 
@@TRAX:status "143.9,124.81,84.0,196.16"
@@TRAX:frame "file:///raid/hustxly/VOT_new/vot-toolkit/workspace/sequences/fernando/00000083.jpg" 
@@TRAX:status "143.9,124.81,84.0,196.16"
@@TRAX:frame "file:///raid/hustxly/VOT_new/vot-toolkit/workspace/sequences/fernando/00000084.jpg" 
@@TRAX:status "143.9,124.81,84.0,196.16"
@@TRAX:frame "file:///raid/hustxly/VOT_new/vot-toolkit/workspace/sequences/fernando/00000085.jpg" 
@@TRAX:status "143.9,124.81,84.0,196.16"
@@TRAX:frame "file:///raid/hustxly/VOT_new/vot-toolkit/workspace/sequences/fernando/00000086.jpg" 
@@TRAX:status "143.9,124.81,84.0,196.16"
@@TRAX:frame "file:///raid/hustxly/VOT_new/vot-toolkit/workspace/sequences/fernando/00000087.jpg" 
@@TRAX:status "143.9,124.81,84.0,196.16"
@@TRAX:frame "file:///raid/hustxly/VOT_new/vot-toolkit/workspace/sequences/fernando/00000088.jpg" 
@@TRAX:status "143.9,124.81,84.0,196.16"
@@TRAX:frame "file:///raid/hustxly/VOT_new/vot-toolkit/workspace/sequences/fernando/00000089.jpg" 
@@TRAX:status "143.9,124.81,84.0,196.16"
@@TRAX:frame "file:///raid/hustxly/VOT_new/vot-toolkit/workspace/sequences/fernando/00000090.jpg" 
@@TRAX:status "143.9,124.81,84.0,196.16"
@@TRAX:frame "file:///raid/hustxly/VOT_new/vot-toolkit/workspace/sequences/fernando/00000091.jpg" 
@@TRAX:status "143.9,124.81,84.0,196.16"
@@TRAX:frame "file:///raid/hustxly/VOT_new/vot-toolkit/workspace/sequences/fernando/00000092.jpg" 
@@TRAX:status "143.9,124.81,84.0,196.16"
@@TRAX:frame "file:///raid/hustxly/VOT_new/vot-toolkit/workspace/sequences/fernando/00000093.jpg" 
@@TRAX:status "143.9,124.81,84.0,196.16"
@@TRAX:frame "file:///raid/hustxly/VOT_new/vot-toolkit/workspace/sequences/fernando/00000094.jpg" 
@@TRAX:status "143.9,124.81,84.0,196.16"
@@TRAX:frame "file:///raid/hustxly/VOT_new/vot-toolkit/workspace/sequences/fernando/00000095.jpg" 
@@TRAX:status "143.9,124.81,84.0,196.16"
@@TRAX:frame "file:///raid/hustxly/VOT_new/vot-toolkit/workspace/sequences/fernando/00000096.jpg" 
@@TRAX:status "143.9,124.81,84.0,196.16"
@@TRAX:frame "file:///raid/hustxly/VOT_new/vot-toolkit/workspace/sequences/fernando/00000097.jpg" 
@@TRAX:status "143.9,124.81,84.0,196.16"
@@TRAX:frame "file:///raid/hustxly/VOT_new/vot-toolkit/workspace/sequences/fernando/00000098.jpg" 
@@TRAX:status "143.9,124.81,84.0,196.16"
@@TRAX:frame "file:///raid/hustxly/VOT_new/vot-toolkit/workspace/sequences/fernando/00000099.jpg" 
@@TRAX:status "143.9,124.81,84.0,196.16"
@@TRAX:frame "file:///raid/hustxly/VOT_new/vot-toolkit/workspace/sequences/fernando/00000100.jpg" 
@@TRAX:status "143.9,124.81,84.0,196.16"
@@TRAX:frame "file:///raid/hustxly/VOT_new/vot-toolkit/workspace/sequences/fernando/00000101.jpg" 
@@TRAX:status "143.9,124.81,84.0,196.16"
@@TRAX:frame "file:///raid/hustxly/VOT_new/vot-toolkit/workspace/sequences/fernando/00000102.jpg" 
@@TRAX:status "143.9,124.81,84.0,196.16"
@@TRAX:frame "file:///raid/hustxly/VOT_new/vot-toolkit/workspace/sequences/fernando/00000103.jpg" 
@@TRAX:status "143.9,124.81,84.0,196.16"
@@TRAX:frame "file:///raid/hustxly/VOT_new/vot-toolkit/workspace/sequences/fernando/00000104.jpg" 
@@TRAX:status "143.9,124.81,84.0,196.16"
@@TRAX:frame "file:///raid/hustxly/VOT_new/vot-toolkit/workspace/sequences/fernando/00000105.jpg" 
@@TRAX:status "143.9,124.81,84.0,196.16"
@@TRAX:frame "file:///raid/hustxly/VOT_new/vot-toolkit/workspace/sequences/fernando/00000106.jpg" 
@@TRAX:status "143.9,124.81,84.0,196.16"
@@TRAX:frame "file:///raid/hustxly/VOT_new/vot-toolkit/workspace/sequences/fernando/00000107.jpg" 
@@TRAX:status "143.9,124.81,84.0,196.16"
@@TRAX:frame "file:///raid/hustxly/VOT_new/vot-toolkit/workspace/sequences/fernando/00000108.jpg" 
@@TRAX:status "143.9,124.81,84.0,196.16"
@@TRAX:frame "file:///raid/hustxly/VOT_new/vot-toolkit/workspace/sequences/fernando/00000109.jpg" 
@@TRAX:status "143.9,124.81,84.0,196.16"
@@TRAX:frame "file:///raid/hustxly/VOT_new/vot-toolkit/workspace/sequences/fernando/00000110.jpg" 
@@TRAX:status "143.9,124.81,84.0,196.16"
@@TRAX:frame "file:///raid/hustxly/VOT_new/vot-toolkit/workspace/sequences/fernando/00000111.jpg" 
@@TRAX:status "143.9,124.81,84.0,196.16"
@@TRAX:frame "file:///raid/hustxly/VOT_new/vot-toolkit/workspace/sequences/fernando/00000112.jpg" 
@@TRAX:status "143.9,124.81,84.0,196.16"
@@TRAX:frame "file:///raid/hustxly/VOT_new/vot-toolkit/workspace/sequences/fernando/00000113.jpg" 
@@TRAX:status "143.9,124.81,84.0,196.16"
@@TRAX:frame "file:///raid/hustxly/VOT_new/vot-toolkit/workspace/sequences/fernando/00000114.jpg" 
@@TRAX:status "143.9,124.81,84.0,196.16"
@@TRAX:frame "file:///raid/hustxly/VOT_new/vot-toolkit/workspace/sequences/fernando/00000115.jpg" 
@@TRAX:status "143.9,124.81,84.0,196.16"
@@TRAX:frame "file:///raid/hustxly/VOT_new/vot-toolkit/workspace/sequences/fernando/00000116.jpg" 
@@TRAX:status "143.9,124.81,84.0,196.16"
@@TRAX:frame "file:///raid/hustxly/VOT_new/vot-toolkit/workspace/sequences/fernando/00000117.jpg" 
@@TRAX:status "143.9,124.81,84.0,196.16"
@@TRAX:frame "file:///raid/hustxly/VOT_new/vot-toolkit/workspace/sequences/fernando/00000118.jpg" 
@@TRAX:status "143.9,124.81,84.0,196.16"
@@TRAX:frame "file:///raid/hustxly/VOT_new/vot-toolkit/workspace/sequences/fernando/00000119.jpg" 
@@TRAX:status "143.9,124.81,84.0,196.16"
@@TRAX:frame "file:///raid/hustxly/VOT_new/vot-toolkit/workspace/sequences/fernando/00000120.jpg" 
@@TRAX:status "143.9,124.81,84.0,196.16"
@@TRAX:frame "file:///raid/hustxly/VOT_new/vot-toolkit/workspace/sequences/fernando/00000121.jpg" 
@@TRAX:status "143.9,124.81,84.0,196.16"
@@TRAX:frame "file:///raid/hustxly/VOT_new/vot-toolkit/workspace/sequences/fernando/00000122.jpg" 
@@TRAX:status "143.9,124.81,84.0,196.16"
@@TRAX:frame "file:///raid/hustxly/VOT_new/vot-toolkit/workspace/sequences/fernando/00000123.jpg" 
@@TRAX:status "143.9,124.81,84.0,196.16"
@@TRAX:frame "file:///raid/hustxly/VOT_new/vot-toolkit/workspace/sequences/fernando/00000124.jpg" 
@@TRAX:status "143.9,124.81,84.0,196.16"
@@TRAX:frame "file:///raid/hustxly/VOT_new/vot-toolkit/workspace/sequences/fernando/00000125.jpg" 
@@TRAX:status "143.9,124.81,84.0,196.16"
@@TRAX:frame "file:///raid/hustxly/VOT_new/vot-toolkit/workspace/sequences/fernando/00000126.jpg" 
@@TRAX:status "143.9,124.81,84.0,196.16"
@@TRAX:frame "file:///raid/hustxly/VOT_new/vot-toolkit/workspace/sequences/fernando/00000127.jpg" 
@@TRAX:status "143.9,124.81,84.0,196.16"
@@TRAX:frame "file:///raid/hustxly/VOT_new/vot-toolkit/workspace/sequences/fernando/00000128.jpg" 
@@TRAX:status "143.9,124.81,84.0,196.16"
@@TRAX:frame "file:///raid/hustxly/VOT_new/vot-toolkit/workspace/sequences/fernando/00000129.jpg" 
@@TRAX:status "143.9,124.81,84.0,196.16"
@@TRAX:frame "file:///raid/hustxly/VOT_new/vot-toolkit/workspace/sequences/fernando/00000130.jpg" 
@@TRAX:status "143.9,124.81,84.0,196.16"
@@TRAX:frame "file:///raid/hustxly/VOT_new/vot-toolkit/workspace/sequences/fernando/00000131.jpg" 
@@TRAX:status "143.9,124.81,84.0,196.16"
@@TRAX:frame "file:///raid/hustxly/VOT_new/vot-toolkit/workspace/sequences/fernando/00000132.jpg" 
@@TRAX:status "143.9,124.81,84.0,196.16"
@@TRAX:frame "file:///raid/hustxly/VOT_new/vot-toolkit/workspace/sequences/fernando/00000133.jpg" 
@@TRAX:status "143.9,124.81,84.0,196.16"
@@TRAX:frame "file:///raid/hustxly/VOT_new/vot-toolkit/workspace/sequences/fernando/00000134.jpg" 
@@TRAX:status "143.9,124.81,84.0,196.16"
@@TRAX:frame "file:///raid/hustxly/VOT_new/vot-toolkit/workspace/sequences/fernando/00000135.jpg" 
@@TRAX:status "143.9,124.81,84.0,196.16"
@@TRAX:frame "file:///raid/hustxly/VOT_new/vot-toolkit/workspace/sequences/fernando/00000136.jpg" 
@@TRAX:status "143.9,124.81,84.0,196.16"
@@TRAX:frame "file:///raid/hustxly/VOT_new/vot-toolkit/workspace/sequences/fernando/00000137.jpg" 
@@TRAX:status "143.9,124.81,84.0,196.16"
@@TRAX:frame "file:///raid/hustxly/VOT_new/vot-toolkit/workspace/sequences/fernando/00000138.jpg" 
@@TRAX:status "143.9,124.81,84.0,196.16"
@@TRAX:frame "file:///raid/hustxly/VOT_new/vot-toolkit/workspace/sequences/fernando/00000139.jpg" 
@@TRAX:status "143.9,124.81,84.0,196.16"
@@TRAX:frame "file:///raid/hustxly/VOT_new/vot-toolkit/workspace/sequences/fernando/00000140.jpg" 
@@TRAX:status "143.9,124.81,84.0,196.16"
@@TRAX:frame "file:///raid/hustxly/VOT_new/vot-toolkit/workspace/sequences/fernando/00000141.jpg" 
@@TRAX:status "143.9,124.81,84.0,196.16"
@@TRAX:frame "file:///raid/hustxly/VOT_new/vot-toolkit/workspace/sequences/fernando/00000142.jpg" 
@@TRAX:status "143.9,124.81,84.0,196.16"
@@TRAX:frame "file:///raid/hustxly/VOT_new/vot-toolkit/workspace/sequences/fernando/00000143.jpg" 
@@TRAX:status "143.9,124.81,84.0,196.16"
@@TRAX:frame "file:///raid/hustxly/VOT_new/vot-toolkit/workspace/sequences/fernando/00000144.jpg" 
@@TRAX:status "143.9,124.81,84.0,196.16"
@@TRAX:frame "file:///raid/hustxly/VOT_new/vot-toolkit/workspace/sequences/fernando/00000145.jpg" 
@@TRAX:status "143.9,124.81,84.0,196.16"
@@TRAX:frame "file:///raid/hustxly/VOT_new/vot-toolkit/workspace/sequences/fernando/00000146.jpg" 
@@TRAX:status "143.9,124.81,84.0,196.16"
@@TRAX:frame "file:///raid/hustxly/VOT_new/vot-toolkit/workspace/sequences/fernando/00000147.jpg" 
@@TRAX:status "143.9,124.81,84.0,196.16"
@@TRAX:frame "file:///raid/hustxly/VOT_new/vot-toolkit/workspace/sequences/fernando/00000148.jpg" 
@@TRAX:status "143.9,124.81,84.0,196.16"
@@TRAX:frame "file:///raid/hustxly/VOT_new/vot-toolkit/workspace/sequences/fernando/00000149.jpg" 
@@TRAX:status "143.9,124.81,84.0,196.16"
@@TRAX:frame "file:///raid/hustxly/VOT_new/vot-toolkit/workspace/sequences/fernando/00000150.jpg" 
@@TRAX:status "143.9,124.81,84.0,196.16"
@@TRAX:frame "file:///raid/hustxly/VOT_new/vot-toolkit/workspace/sequences/fernando/00000151.jpg" 
@@TRAX:status "143.9,124.81,84.0,196.16"
@@TRAX:frame "file:///raid/hustxly/VOT_new/vot-toolkit/workspace/sequences/fernando/00000152.jpg" 
@@TRAX:status "143.9,124.81,84.0,196.16"
@@TRAX:frame "file:///raid/hustxly/VOT_new/vot-toolkit/workspace/sequences/fernando/00000153.jpg" 
@@TRAX:status "143.9,124.81,84.0,196.16"
@@TRAX:frame "file:///raid/hustxly/VOT_new/vot-toolkit/workspace/sequences/fernando/00000154.jpg" 
@@TRAX:status "143.9,124.81,84.0,196.16"
@@TRAX:frame "file:///raid/hustxly/VOT_new/vot-toolkit/workspace/sequences/fernando/00000155.jpg" 
@@TRAX:status "143.9,124.81,84.0,196.16"
@@TRAX:frame "file:///raid/hustxly/VOT_new/vot-toolkit/workspace/sequences/fernando/00000156.jpg" 
@@TRAX:status "143.9,124.81,84.0,196.16"
@@TRAX:frame "file:///raid/hustxly/VOT_new/vot-toolkit/workspace/sequences/fernando/00000157.jpg" 
@@TRAX:status "143.9,124.81,84.0,196.16"
@@TRAX:frame "file:///raid/hustxly/VOT_new/vot-toolkit/workspace/sequences/fernando/00000158.jpg" 
@@TRAX:status "143.9,124.81,84.0,196.16"
@@TRAX:frame "file:///raid/hustxly/VOT_new/vot-toolkit/workspace/sequences/fernando/00000159.jpg" 
@@TRAX:status "143.9,124.81,84.0,196.16"
@@TRAX:frame "file:///raid/hustxly/VOT_new/vot-toolkit/workspace/sequences/fernando/00000160.jpg" 
@@TRAX:status "143.9,124.81,84.0,196.16"
@@TRAX:frame "file:///raid/hustxly/VOT_new/vot-toolkit/workspace/sequences/fernando/00000161.jpg" 
@@TRAX:status "143.9,124.81,84.0,196.16"
@@TRAX:frame "file:///raid/hustxly/VOT_new/vot-toolkit/workspace/sequences/fernando/00000162.jpg" 
@@TRAX:status "143.9,124.81,84.0,196.16"
@@TRAX:frame "file:///raid/hustxly/VOT_new/vot-toolkit/workspace/sequences/fernando/00000163.jpg" 
@@TRAX:status "143.9,124.81,84.0,196.16"
@@TRAX:frame "file:///raid/hustxly/VOT_new/vot-toolkit/workspace/sequences/fernando/00000164.jpg" 
@@TRAX:status "143.9,124.81,84.0,196.16"
@@TRAX:frame "file:///raid/hustxly/VOT_new/vot-toolkit/workspace/sequences/fernando/00000165.jpg" 
@@TRAX:status "143.9,124.81,84.0,196.16"
@@TRAX:frame "file:///raid/hustxly/VOT_new/vot-toolkit/workspace/sequences/fernando/00000166.jpg" 
@@TRAX:status "143.9,124.81,84.0,196.16"
@@TRAX:frame "file:///raid/hustxly/VOT_new/vot-toolkit/workspace/sequences/fernando/00000167.jpg" 
@@TRAX:status "143.9,124.81,84.0,196.16"
@@TRAX:frame "file:///raid/hustxly/VOT_new/vot-toolkit/workspace/sequences/fernando/00000168.jpg" 
@@TRAX:status "143.9,124.81,84.0,196.16"
@@TRAX:frame "file:///raid/hustxly/VOT_new/vot-toolkit/workspace/sequences/fernando/00000169.jpg" 
@@TRAX:status "143.9,124.81,84.0,196.16"
@@TRAX:frame "file:///raid/hustxly/VOT_new/vot-toolkit/workspace/sequences/fernando/00000170.jpg" 
@@TRAX:status "143.9,124.81,84.0,196.16"
@@TRAX:frame "file:///raid/hustxly/VOT_new/vot-toolkit/workspace/sequences/fernando/00000171.jpg" 
@@TRAX:status "143.9,124.81,84.0,196.16"
@@TRAX:frame "file:///raid/hustxly/VOT_new/vot-toolkit/workspace/sequences/fernando/00000172.jpg" 
@@TRAX:status "143.9,124.81,84.0,196.16"
@@TRAX:frame "file:///raid/hustxly/VOT_new/vot-toolkit/workspace/sequences/fernando/00000173.jpg" 
@@TRAX:status "143.9,124.81,84.0,196.16"
@@TRAX:frame "file:///raid/hustxly/VOT_new/vot-toolkit/workspace/sequences/fernando/00000174.jpg" 
@@TRAX:status "143.9,124.81,84.0,196.16"
@@TRAX:frame "file:///raid/hustxly/VOT_new/vot-toolkit/workspace/sequences/fernando/00000175.jpg" 
@@TRAX:status "143.9,124.81,84.0,196.16"
@@TRAX:frame "file:///raid/hustxly/VOT_new/vot-toolkit/workspace/sequences/fernando/00000176.jpg" 
@@TRAX:status "143.9,124.81,84.0,196.16"
@@TRAX:frame "file:///raid/hustxly/VOT_new/vot-toolkit/workspace/sequences/fernando/00000177.jpg" 
@@TRAX:status "143.9,124.81,84.0,196.16"
@@TRAX:frame "file:///raid/hustxly/VOT_new/vot-toolkit/workspace/sequences/fernando/00000178.jpg" 
@@TRAX:status "143.9,124.81,84.0,196.16"
@@TRAX:frame "file:///raid/hustxly/VOT_new/vot-toolkit/workspace/sequences/fernando/00000179.jpg" 
@@TRAX:status "143.9,124.81,84.0,196.16"
@@TRAX:frame "file:///raid/hustxly/VOT_new/vot-toolkit/workspace/sequences/fernando/00000180.jpg" 
@@TRAX:status "143.9,124.81,84.0,196.16"
@@TRAX:frame "file:///raid/hustxly/VOT_new/vot-toolkit/workspace/sequences/fernando/00000181.jpg" 
@@TRAX:status "143.9,124.81,84.0,196.16"
@@TRAX:frame "file:///raid/hustxly/VOT_new/vot-toolkit/workspace/sequences/fernando/00000182.jpg" 
@@TRAX:status "143.9,124.81,84.0,196.16"
@@TRAX:quit 
fuck
@@TRAX:hello "trax.image=path" "trax.region=rectangle" "trax.version=1"
I tensorflow/stream_executor/dso_loader.cc:135] successfully opened CUDA library libcublas.so.8.0 locally
I tensorflow/stream_executor/dso_loader.cc:135] successfully opened CUDA library libcudnn.so.5 locally
I tensorflow/stream_executor/dso_loader.cc:135] successfully opened CUDA library libcufft.so.8.0 locally
I tensorflow/stream_executor/dso_loader.cc:135] successfully opened CUDA library libcuda.so.1 locally
I tensorflow/stream_executor/dso_loader.cc:135] successfully opened CUDA library libcurand.so.8.0 locally
