I tensorflow/stream_executor/dso_loader.cc:135] successfully opened CUDA library libcublas.so.8.0 locally
I tensorflow/stream_executor/dso_loader.cc:135] successfully opened CUDA library libcudnn.so.5 locally
I tensorflow/stream_executor/dso_loader.cc:135] successfully opened CUDA library libcufft.so.8.0 locally
I tensorflow/stream_executor/dso_loader.cc:135] successfully opened CUDA library libcuda.so.1 locally
I tensorflow/stream_executor/dso_loader.cc:135] successfully opened CUDA library libcurand.so.8.0 locally
@@TRAX:hello "trax.image=path" "trax.region=rectangle" "trax.version=1"
@@TRAX:initialize "file:///raid/hustxly/VOT/VOT-Tracker/workspace/sequences/fish3/00000001.jpg" "213.9100,139.2200,88.8500,52.0000" 
@@TRAX:status "213.91,139.22,88.85,52.0"
@@TRAX:frame "file:///raid/hustxly/VOT/VOT-Tracker/workspace/sequences/fish3/00000002.jpg" 
W tensorflow/core/platform/cpu_feature_guard.cc:45] The TensorFlow library wasn't compiled to use SSE3 instructions, but these are available on your machine and could speed up CPU computations.
W tensorflow/core/platform/cpu_feature_guard.cc:45] The TensorFlow library wasn't compiled to use SSE4.1 instructions, but these are available on your machine and could speed up CPU computations.
W tensorflow/core/platform/cpu_feature_guard.cc:45] The TensorFlow library wasn't compiled to use SSE4.2 instructions, but these are available on your machine and could speed up CPU computations.
W tensorflow/core/platform/cpu_feature_guard.cc:45] The TensorFlow library wasn't compiled to use AVX instructions, but these are available on your machine and could speed up CPU computations.
W tensorflow/core/platform/cpu_feature_guard.cc:45] The TensorFlow library wasn't compiled to use AVX2 instructions, but these are available on your machine and could speed up CPU computations.
W tensorflow/core/platform/cpu_feature_guard.cc:45] The TensorFlow library wasn't compiled to use FMA instructions, but these are available on your machine and could speed up CPU computations.
I tensorflow/core/common_runtime/gpu/gpu_device.cc:885] Found device 0 with properties: 
name: GeForce GTX TITAN X
major: 5 minor: 2 memoryClockRate (GHz) 1.076
pciBusID 0000:0a:00.0
Total memory: 11.92GiB
Free memory: 11.81GiB
W tensorflow/stream_executor/cuda/cuda_driver.cc:590] creating context when one is currently active; existing: 0x3d13490
I tensorflow/core/common_runtime/gpu/gpu_device.cc:885] Found device 1 with properties: 
name: GeForce GTX TITAN X
major: 5 minor: 2 memoryClockRate (GHz) 1.076
pciBusID 0000:09:00.0
Total memory: 11.92GiB
Free memory: 11.81GiB
W tensorflow/stream_executor/cuda/cuda_driver.cc:590] creating context when one is currently active; existing: 0x3d17290
I tensorflow/core/common_runtime/gpu/gpu_device.cc:885] Found device 2 with properties: 
name: GeForce GTX TITAN X
major: 5 minor: 2 memoryClockRate (GHz) 1.076
pciBusID 0000:06:00.0
Total memory: 11.92GiB
Free memory: 11.81GiB
W tensorflow/stream_executor/cuda/cuda_driver.cc:590] creating context when one is currently active; existing: 0x3d1b0c0
I tensorflow/core/common_runtime/gpu/gpu_device.cc:885] Found device 3 with properties: 
name: GeForce GTX TITAN X
major: 5 minor: 2 memoryClockRate (GHz) 1.076
pciBusID 0000:05:00.0
Total memory: 11.92GiB
Free memory: 11.52GiB
I tensorflow/core/common_runtime/gpu/gpu_device.cc:906] DMA: 0 1 2 3 
I tensorflow/core/common_runtime/gpu/gpu_device.cc:916] 0:   Y Y Y Y 
I tensorflow/core/common_runtime/gpu/gpu_device.cc:916] 1:   Y Y Y Y 
I tensorflow/core/common_runtime/gpu/gpu_device.cc:916] 2:   Y Y Y Y 
I tensorflow/core/common_runtime/gpu/gpu_device.cc:916] 3:   Y Y Y Y 
I tensorflow/core/common_runtime/gpu/gpu_device.cc:975] Creating TensorFlow device (/gpu:0) -> (device: 0, name: GeForce GTX TITAN X, pci bus id: 0000:0a:00.0)
I tensorflow/core/common_runtime/gpu/gpu_device.cc:975] Creating TensorFlow device (/gpu:1) -> (device: 1, name: GeForce GTX TITAN X, pci bus id: 0000:09:00.0)
I tensorflow/core/common_runtime/gpu/gpu_device.cc:975] Creating TensorFlow device (/gpu:2) -> (device: 2, name: GeForce GTX TITAN X, pci bus id: 0000:06:00.0)
I tensorflow/core/common_runtime/gpu/gpu_device.cc:975] Creating TensorFlow device (/gpu:3) -> (device: 3, name: GeForce GTX TITAN X, pci bus id: 0000:05:00.0)
psr: 17.97
@@TRAX:status "213.91,139.22,88.85,52.0"
@@TRAX:frame "file:///raid/hustxly/VOT/VOT-Tracker/workspace/sequences/fish3/00000003.jpg" 
psr: 17.73
@@TRAX:status "213.91,139.22,88.85,52.0"
@@TRAX:frame "file:///raid/hustxly/VOT/VOT-Tracker/workspace/sequences/fish3/00000004.jpg" 
psr: 17.43
@@TRAX:status "213.91,139.22,88.85,52.0"
@@TRAX:frame "file:///raid/hustxly/VOT/VOT-Tracker/workspace/sequences/fish3/00000005.jpg" 
psr: 17.29
@@TRAX:status "213.91,139.22,88.85,52.0"
@@TRAX:frame "file:///raid/hustxly/VOT/VOT-Tracker/workspace/sequences/fish3/00000006.jpg" 
psr: 17.23
@@TRAX:status "213.91,139.22,88.85,52.0"
@@TRAX:frame "file:///raid/hustxly/VOT/VOT-Tracker/workspace/sequences/fish3/00000007.jpg" 
psr: 17.17
@@TRAX:status "213.91,139.22,88.85,52.0"
@@TRAX:frame "file:///raid/hustxly/VOT/VOT-Tracker/workspace/sequences/fish3/00000008.jpg" 
psr: 17.01
@@TRAX:status "213.91,139.22,88.85,52.0"
@@TRAX:frame "file:///raid/hustxly/VOT/VOT-Tracker/workspace/sequences/fish3/00000009.jpg" 
psr: 16.88
@@TRAX:status "213.91,139.22,88.85,52.0"
@@TRAX:frame "file:///raid/hustxly/VOT/VOT-Tracker/workspace/sequences/fish3/00000010.jpg" 
psr: 16.72
@@TRAX:status "213.91,139.22,88.85,52.0"
@@TRAX:frame "file:///raid/hustxly/VOT/VOT-Tracker/workspace/sequences/fish3/00000011.jpg" 
psr: 16.45
@@TRAX:status "213.91,139.22,88.85,52.0"
@@TRAX:frame "file:///raid/hustxly/VOT/VOT-Tracker/workspace/sequences/fish3/00000012.jpg" 
psr: 16.21
@@TRAX:status "213.91,139.22,88.85,52.0"
@@TRAX:frame "file:///raid/hustxly/VOT/VOT-Tracker/workspace/sequences/fish3/00000013.jpg" 
psr: 15.95
@@TRAX:status "213.91,139.22,88.85,52.0"
@@TRAX:frame "file:///raid/hustxly/VOT/VOT-Tracker/workspace/sequences/fish3/00000014.jpg" 
psr: 15.59
@@TRAX:status "213.91,139.22,88.85,52.0"
@@TRAX:frame "file:///raid/hustxly/VOT/VOT-Tracker/workspace/sequences/fish3/00000015.jpg" 
psr: 15.95
@@TRAX:status "213.91,139.22,88.85,52.0"
@@TRAX:frame "file:///raid/hustxly/VOT/VOT-Tracker/workspace/sequences/fish3/00000016.jpg" 
psr: 16.1
@@TRAX:status "213.91,139.22,88.85,52.0"
@@TRAX:frame "file:///raid/hustxly/VOT/VOT-Tracker/workspace/sequences/fish3/00000017.jpg" 
psr: 15.43
@@TRAX:status "213.91,139.22,88.85,52.0"
@@TRAX:frame "file:///raid/hustxly/VOT/VOT-Tracker/workspace/sequences/fish3/00000018.jpg" 
psr: 15.48
@@TRAX:status "213.91,139.22,88.85,52.0"
@@TRAX:frame "file:///raid/hustxly/VOT/VOT-Tracker/workspace/sequences/fish3/00000019.jpg" 
psr: 15.93
@@TRAX:status "213.91,139.22,88.85,52.0"
@@TRAX:frame "file:///raid/hustxly/VOT/VOT-Tracker/workspace/sequences/fish3/00000020.jpg" 
psr: 15.85
@@TRAX:status "213.91,139.22,88.85,52.0"
@@TRAX:frame "file:///raid/hustxly/VOT/VOT-Tracker/workspace/sequences/fish3/00000021.jpg" 
psr: 15.42
@@TRAX:status "213.91,139.22,88.85,52.0"
@@TRAX:frame "file:///raid/hustxly/VOT/VOT-Tracker/workspace/sequences/fish3/00000022.jpg" 
psr: 14.84
@@TRAX:status "213.91,139.22,88.85,52.0"
@@TRAX:frame "file:///raid/hustxly/VOT/VOT-Tracker/workspace/sequences/fish3/00000023.jpg" 
psr: 14.8
@@TRAX:status "213.91,139.22,88.85,52.0"
@@TRAX:frame "file:///raid/hustxly/VOT/VOT-Tracker/workspace/sequences/fish3/00000024.jpg" 
psr: 14.83
@@TRAX:status "213.91,139.22,88.85,52.0"
@@TRAX:frame "file:///raid/hustxly/VOT/VOT-Tracker/workspace/sequences/fish3/00000025.jpg" 
psr: 14.68
@@TRAX:status "213.91,139.22,88.85,52.0"
@@TRAX:frame "file:///raid/hustxly/VOT/VOT-Tracker/workspace/sequences/fish3/00000026.jpg" 
psr: 14.41
@@TRAX:status "213.91,139.22,88.85,52.0"
@@TRAX:frame "file:///raid/hustxly/VOT/VOT-Tracker/workspace/sequences/fish3/00000027.jpg" 
psr: 14.45
@@TRAX:status "213.91,139.22,88.85,52.0"
@@TRAX:frame "file:///raid/hustxly/VOT/VOT-Tracker/workspace/sequences/fish3/00000028.jpg" 
psr: 14.54
@@TRAX:status "213.91,139.22,88.85,52.0"
@@TRAX:frame "file:///raid/hustxly/VOT/VOT-Tracker/workspace/sequences/fish3/00000029.jpg" 
psr: 14.62
@@TRAX:status "213.91,139.22,88.85,52.0"
@@TRAX:frame "file:///raid/hustxly/VOT/VOT-Tracker/workspace/sequences/fish3/00000030.jpg" 
psr: 14.44
@@TRAX:status "213.91,139.22,88.85,52.0"
@@TRAX:frame "file:///raid/hustxly/VOT/VOT-Tracker/workspace/sequences/fish3/00000031.jpg" 
psr: 14.31
@@TRAX:status "213.91,139.22,88.85,52.0"
@@TRAX:frame "file:///raid/hustxly/VOT/VOT-Tracker/workspace/sequences/fish3/00000032.jpg" 
psr: 14.06
@@TRAX:status "213.91,139.22,88.85,52.0"
@@TRAX:frame "file:///raid/hustxly/VOT/VOT-Tracker/workspace/sequences/fish3/00000033.jpg" 
psr: 14.09
@@TRAX:status "213.91,139.22,88.85,52.0"
@@TRAX:frame "file:///raid/hustxly/VOT/VOT-Tracker/workspace/sequences/fish3/00000034.jpg" 
psr: 14.02
@@TRAX:status "213.91,139.22,88.85,52.0"
@@TRAX:frame "file:///raid/hustxly/VOT/VOT-Tracker/workspace/sequences/fish3/00000035.jpg" 
psr: 13.99
@@TRAX:status "213.91,139.22,88.85,52.0"
@@TRAX:frame "file:///raid/hustxly/VOT/VOT-Tracker/workspace/sequences/fish3/00000036.jpg" 
psr: 13.98
@@TRAX:status "213.91,139.22,88.85,52.0"
@@TRAX:frame "file:///raid/hustxly/VOT/VOT-Tracker/workspace/sequences/fish3/00000037.jpg" 
psr: 13.5
@@TRAX:status "213.91,139.22,88.85,52.0"
@@TRAX:frame "file:///raid/hustxly/VOT/VOT-Tracker/workspace/sequences/fish3/00000038.jpg" 
psr: 14.04
@@TRAX:status "213.91,139.22,88.85,52.0"
@@TRAX:frame "file:///raid/hustxly/VOT/VOT-Tracker/workspace/sequences/fish3/00000039.jpg" 
psr: 13.16
@@TRAX:status "213.91,139.22,88.85,52.0"
@@TRAX:frame "file:///raid/hustxly/VOT/VOT-Tracker/workspace/sequences/fish3/00000040.jpg" 
psr: 13.93
@@TRAX:status "213.91,139.22,88.85,52.0"
@@TRAX:frame "file:///raid/hustxly/VOT/VOT-Tracker/workspace/sequences/fish3/00000041.jpg" 
psr: 13.38
@@TRAX:status "213.91,139.22,88.85,52.0"
@@TRAX:frame "file:///raid/hustxly/VOT/VOT-Tracker/workspace/sequences/fish3/00000042.jpg" 
psr: 13.33
@@TRAX:status "213.91,139.22,88.85,52.0"
@@TRAX:frame "file:///raid/hustxly/VOT/VOT-Tracker/workspace/sequences/fish3/00000043.jpg" 
psr: 13.13
@@TRAX:status "213.91,139.22,88.85,52.0"
@@TRAX:frame "file:///raid/hustxly/VOT/VOT-Tracker/workspace/sequences/fish3/00000044.jpg" 
psr: 12.9
@@TRAX:status "213.91,139.22,88.85,52.0"
@@TRAX:frame "file:///raid/hustxly/VOT/VOT-Tracker/workspace/sequences/fish3/00000045.jpg" 
psr: 12.37
@@TRAX:status "213.91,139.22,88.85,52.0"
@@TRAX:frame "file:///raid/hustxly/VOT/VOT-Tracker/workspace/sequences/fish3/00000046.jpg" 
psr: 12.3
@@TRAX:status "213.91,139.22,88.85,52.0"
@@TRAX:frame "file:///raid/hustxly/VOT/VOT-Tracker/workspace/sequences/fish3/00000047.jpg" 
psr: 12.3
@@TRAX:status "213.91,139.22,88.85,52.0"
@@TRAX:frame "file:///raid/hustxly/VOT/VOT-Tracker/workspace/sequences/fish3/00000048.jpg" 
psr: 12.49
@@TRAX:status "213.91,139.22,88.85,52.0"
@@TRAX:frame "file:///raid/hustxly/VOT/VOT-Tracker/workspace/sequences/fish3/00000049.jpg" 
psr: 12.18
@@TRAX:status "213.91,139.22,88.85,52.0"
@@TRAX:frame "file:///raid/hustxly/VOT/VOT-Tracker/workspace/sequences/fish3/00000050.jpg" 
psr: 12.27
@@TRAX:status "213.91,139.22,88.85,52.0"
@@TRAX:frame "file:///raid/hustxly/VOT/VOT-Tracker/workspace/sequences/fish3/00000051.jpg" 
psr: 11.85
@@TRAX:status "213.91,139.22,88.85,52.0"
@@TRAX:frame "file:///raid/hustxly/VOT/VOT-Tracker/workspace/sequences/fish3/00000052.jpg" 
psr: 12.01
@@TRAX:status "213.91,139.22,88.85,52.0"
@@TRAX:frame "file:///raid/hustxly/VOT/VOT-Tracker/workspace/sequences/fish3/00000053.jpg" 
psr: 11.82
@@TRAX:status "213.91,139.22,88.85,52.0"
@@TRAX:frame "file:///raid/hustxly/VOT/VOT-Tracker/workspace/sequences/fish3/00000054.jpg" 
psr: 12.07
@@TRAX:status "213.91,139.22,88.85,52.0"
@@TRAX:frame "file:///raid/hustxly/VOT/VOT-Tracker/workspace/sequences/fish3/00000055.jpg" 
psr: 11.96
@@TRAX:status "213.91,139.22,88.85,52.0"
@@TRAX:frame "file:///raid/hustxly/VOT/VOT-Tracker/workspace/sequences/fish3/00000056.jpg" 
psr: 11.9
@@TRAX:status "213.91,139.22,88.85,52.0"
@@TRAX:frame "file:///raid/hustxly/VOT/VOT-Tracker/workspace/sequences/fish3/00000057.jpg" 
psr: 11.76
@@TRAX:status "213.91,139.22,88.85,52.0"
@@TRAX:frame "file:///raid/hustxly/VOT/VOT-Tracker/workspace/sequences/fish3/00000058.jpg" 
psr: 11.38
@@TRAX:status "213.91,139.22,88.85,52.0"
@@TRAX:frame "file:///raid/hustxly/VOT/VOT-Tracker/workspace/sequences/fish3/00000059.jpg" 
psr: 11.65
@@TRAX:status "213.91,139.22,88.85,52.0"
@@TRAX:frame "file:///raid/hustxly/VOT/VOT-Tracker/workspace/sequences/fish3/00000060.jpg" 
psr: 11.35
@@TRAX:status "213.91,139.22,88.85,52.0"
@@TRAX:frame "file:///raid/hustxly/VOT/VOT-Tracker/workspace/sequences/fish3/00000061.jpg" 
psr: 11.0
@@TRAX:status "213.91,139.22,88.85,52.0"
@@TRAX:frame "file:///raid/hustxly/VOT/VOT-Tracker/workspace/sequences/fish3/00000062.jpg" 
psr: 11.2
@@TRAX:status "213.91,139.22,88.85,52.0"
@@TRAX:frame "file:///raid/hustxly/VOT/VOT-Tracker/workspace/sequences/fish3/00000063.jpg" 
psr: 11.14
@@TRAX:status "213.91,139.22,88.85,52.0"
@@TRAX:frame "file:///raid/hustxly/VOT/VOT-Tracker/workspace/sequences/fish3/00000064.jpg" 
psr: 10.69
@@TRAX:status "213.91,139.22,88.85,52.0"
@@TRAX:frame "file:///raid/hustxly/VOT/VOT-Tracker/workspace/sequences/fish3/00000065.jpg" 
psr: 10.64
@@TRAX:status "213.91,139.22,88.85,52.0"
@@TRAX:frame "file:///raid/hustxly/VOT/VOT-Tracker/workspace/sequences/fish3/00000066.jpg" 
psr: 10.89
@@TRAX:status "213.91,139.22,88.85,52.0"
@@TRAX:frame "file:///raid/hustxly/VOT/VOT-Tracker/workspace/sequences/fish3/00000067.jpg" 
psr: 10.76
@@TRAX:status "213.91,139.22,88.85,52.0"
@@TRAX:frame "file:///raid/hustxly/VOT/VOT-Tracker/workspace/sequences/fish3/00000068.jpg" 
psr: 10.6
@@TRAX:status "213.91,139.22,88.85,52.0"
@@TRAX:frame "file:///raid/hustxly/VOT/VOT-Tracker/workspace/sequences/fish3/00000069.jpg" 
psr: 11.0
@@TRAX:status "213.91,139.22,88.85,52.0"
@@TRAX:frame "file:///raid/hustxly/VOT/VOT-Tracker/workspace/sequences/fish3/00000070.jpg" 
psr: 10.91
@@TRAX:status "213.91,139.22,88.85,52.0"
@@TRAX:frame "file:///raid/hustxly/VOT/VOT-Tracker/workspace/sequences/fish3/00000071.jpg" 
psr: 10.81
@@TRAX:status "213.91,139.22,88.85,52.0"
@@TRAX:frame "file:///raid/hustxly/VOT/VOT-Tracker/workspace/sequences/fish3/00000072.jpg" 
psr: 10.86
@@TRAX:status "213.91,139.22,88.85,52.0"
@@TRAX:frame "file:///raid/hustxly/VOT/VOT-Tracker/workspace/sequences/fish3/00000073.jpg" 
psr: 10.5
@@TRAX:status "213.91,139.22,88.85,52.0"
@@TRAX:frame "file:///raid/hustxly/VOT/VOT-Tracker/workspace/sequences/fish3/00000074.jpg" 
psr: 10.54
@@TRAX:status "213.91,139.22,88.85,52.0"
@@TRAX:frame "file:///raid/hustxly/VOT/VOT-Tracker/workspace/sequences/fish3/00000075.jpg" 
psr: 11.13
@@TRAX:status "213.91,139.22,88.85,52.0"
@@TRAX:frame "file:///raid/hustxly/VOT/VOT-Tracker/workspace/sequences/fish3/00000076.jpg" 
psr: 11.5
@@TRAX:status "213.91,139.22,88.85,52.0"
@@TRAX:frame "file:///raid/hustxly/VOT/VOT-Tracker/workspace/sequences/fish3/00000077.jpg" 
psr: 11.54
@@TRAX:status "213.91,139.22,88.85,52.0"
@@TRAX:frame "file:///raid/hustxly/VOT/VOT-Tracker/workspace/sequences/fish3/00000078.jpg" 
psr: 11.58
@@TRAX:status "213.91,139.22,88.85,52.0"
@@TRAX:frame "file:///raid/hustxly/VOT/VOT-Tracker/workspace/sequences/fish3/00000079.jpg" 
psr: 11.58
@@TRAX:status "213.91,139.22,88.85,52.0"
@@TRAX:frame "file:///raid/hustxly/VOT/VOT-Tracker/workspace/sequences/fish3/00000080.jpg" 
psr: 11.63
@@TRAX:status "213.91,139.22,88.85,52.0"
@@TRAX:frame "file:///raid/hustxly/VOT/VOT-Tracker/workspace/sequences/fish3/00000081.jpg" 
psr: 11.85
@@TRAX:status "213.91,139.22,88.85,52.0"
@@TRAX:frame "file:///raid/hustxly/VOT/VOT-Tracker/workspace/sequences/fish3/00000082.jpg" 
psr: 11.78
@@TRAX:status "213.91,139.22,88.85,52.0"
@@TRAX:frame "file:///raid/hustxly/VOT/VOT-Tracker/workspace/sequences/fish3/00000083.jpg" 
psr: 11.65
@@TRAX:status "213.91,139.22,88.85,52.0"
@@TRAX:frame "file:///raid/hustxly/VOT/VOT-Tracker/workspace/sequences/fish3/00000084.jpg" 
psr: 11.91
@@TRAX:status "213.91,139.22,88.85,52.0"
@@TRAX:frame "file:///raid/hustxly/VOT/VOT-Tracker/workspace/sequences/fish3/00000085.jpg" 
psr: 11.95
@@TRAX:status "213.91,139.22,88.85,52.0"
@@TRAX:frame "file:///raid/hustxly/VOT/VOT-Tracker/workspace/sequences/fish3/00000086.jpg" 
psr: 12.03
@@TRAX:status "213.91,139.22,88.85,52.0"
@@TRAX:frame "file:///raid/hustxly/VOT/VOT-Tracker/workspace/sequences/fish3/00000087.jpg" 
psr: 12.09
@@TRAX:status "213.91,139.22,88.85,52.0"
@@TRAX:quit 
I tensorflow/stream_executor/dso_loader.cc:135] successfully opened CUDA library libcublas.so.8.0 locally
I tensorflow/stream_executor/dso_loader.cc:135] successfully opened CUDA library libcudnn.so.5 locally
I tensorflow/stream_executor/dso_loader.cc:135] successfully opened CUDA library libcufft.so.8.0 locally
I tensorflow/stream_executor/dso_loader.cc:135] successfully opened CUDA library libcuda.so.1 locally
I tensorflow/stream_executor/dso_loader.cc:135] successfully opened CUDA library libcurand.so.8.0 locally
@@TRAX:hello "trax.image=path" "trax.region=rectangle" "trax.version=1"
@@TRAX:initialize "file:///raid/hustxly/VOT/VOT-Tracker/workspace/sequences/fish3/00000092.jpg" "136.3100,157.2800,80.3000,75.9000" 
@@TRAX:status "136.31,157.28,80.3,75.9"
@@TRAX:frame "file:///raid/hustxly/VOT/VOT-Tracker/workspace/sequences/fish3/00000093.jpg" 
W tensorflow/core/platform/cpu_feature_guard.cc:45] The TensorFlow library wasn't compiled to use SSE3 instructions, but these are available on your machine and could speed up CPU computations.
W tensorflow/core/platform/cpu_feature_guard.cc:45] The TensorFlow library wasn't compiled to use SSE4.1 instructions, but these are available on your machine and could speed up CPU computations.
W tensorflow/core/platform/cpu_feature_guard.cc:45] The TensorFlow library wasn't compiled to use SSE4.2 instructions, but these are available on your machine and could speed up CPU computations.
W tensorflow/core/platform/cpu_feature_guard.cc:45] The TensorFlow library wasn't compiled to use AVX instructions, but these are available on your machine and could speed up CPU computations.
W tensorflow/core/platform/cpu_feature_guard.cc:45] The TensorFlow library wasn't compiled to use AVX2 instructions, but these are available on your machine and could speed up CPU computations.
W tensorflow/core/platform/cpu_feature_guard.cc:45] The TensorFlow library wasn't compiled to use FMA instructions, but these are available on your machine and could speed up CPU computations.
I tensorflow/core/common_runtime/gpu/gpu_device.cc:885] Found device 0 with properties: 
name: GeForce GTX TITAN X
major: 5 minor: 2 memoryClockRate (GHz) 1.076
pciBusID 0000:0a:00.0
Total memory: 11.92GiB
Free memory: 11.81GiB
W tensorflow/stream_executor/cuda/cuda_driver.cc:590] creating context when one is currently active; existing: 0x3688cf0
I tensorflow/core/common_runtime/gpu/gpu_device.cc:885] Found device 1 with properties: 
name: GeForce GTX TITAN X
major: 5 minor: 2 memoryClockRate (GHz) 1.076
pciBusID 0000:09:00.0
Total memory: 11.92GiB
Free memory: 11.81GiB
W tensorflow/stream_executor/cuda/cuda_driver.cc:590] creating context when one is currently active; existing: 0x368cb20
I tensorflow/core/common_runtime/gpu/gpu_device.cc:885] Found device 2 with properties: 
name: GeForce GTX TITAN X
major: 5 minor: 2 memoryClockRate (GHz) 1.076
pciBusID 0000:06:00.0
Total memory: 11.92GiB
Free memory: 11.81GiB
W tensorflow/stream_executor/cuda/cuda_driver.cc:590] creating context when one is currently active; existing: 0x3690950
I tensorflow/core/common_runtime/gpu/gpu_device.cc:885] Found device 3 with properties: 
name: GeForce GTX TITAN X
major: 5 minor: 2 memoryClockRate (GHz) 1.076
pciBusID 0000:05:00.0
Total memory: 11.92GiB
Free memory: 11.52GiB
I tensorflow/core/common_runtime/gpu/gpu_device.cc:906] DMA: 0 1 2 3 
I tensorflow/core/common_runtime/gpu/gpu_device.cc:916] 0:   Y Y Y Y 
I tensorflow/core/common_runtime/gpu/gpu_device.cc:916] 1:   Y Y Y Y 
I tensorflow/core/common_runtime/gpu/gpu_device.cc:916] 2:   Y Y Y Y 
I tensorflow/core/common_runtime/gpu/gpu_device.cc:916] 3:   Y Y Y Y 
I tensorflow/core/common_runtime/gpu/gpu_device.cc:975] Creating TensorFlow device (/gpu:0) -> (device: 0, name: GeForce GTX TITAN X, pci bus id: 0000:0a:00.0)
I tensorflow/core/common_runtime/gpu/gpu_device.cc:975] Creating TensorFlow device (/gpu:1) -> (device: 1, name: GeForce GTX TITAN X, pci bus id: 0000:09:00.0)
I tensorflow/core/common_runtime/gpu/gpu_device.cc:975] Creating TensorFlow device (/gpu:2) -> (device: 2, name: GeForce GTX TITAN X, pci bus id: 0000:06:00.0)
I tensorflow/core/common_runtime/gpu/gpu_device.cc:975] Creating TensorFlow device (/gpu:3) -> (device: 3, name: GeForce GTX TITAN X, pci bus id: 0000:05:00.0)
psr: 13.87
@@TRAX:status "136.31,157.28,80.3,75.9"
@@TRAX:frame "file:///raid/hustxly/VOT/VOT-Tracker/workspace/sequences/fish3/00000094.jpg" 
psr: 12.91
@@TRAX:status "136.31,157.28,80.3,75.9"
@@TRAX:frame "file:///raid/hustxly/VOT/VOT-Tracker/workspace/sequences/fish3/00000095.jpg" 
psr: 11.78
@@TRAX:status "136.31,157.28,80.3,75.9"
@@TRAX:frame "file:///raid/hustxly/VOT/VOT-Tracker/workspace/sequences/fish3/00000096.jpg" 
psr: 10.57
@@TRAX:status "136.31,157.28,80.3,75.9"
@@TRAX:frame "file:///raid/hustxly/VOT/VOT-Tracker/workspace/sequences/fish3/00000097.jpg" 
psr: 9.5
@@TRAX:status "136.31,157.28,80.3,75.9"
@@TRAX:frame "file:///raid/hustxly/VOT/VOT-Tracker/workspace/sequences/fish3/00000098.jpg" 
psr: 9.26
@@TRAX:status "136.31,157.28,80.3,75.9"
@@TRAX:frame "file:///raid/hustxly/VOT/VOT-Tracker/workspace/sequences/fish3/00000099.jpg" 
psr: 9.05
@@TRAX:status "136.31,157.28,80.3,75.9"
@@TRAX:frame "file:///raid/hustxly/VOT/VOT-Tracker/workspace/sequences/fish3/00000100.jpg" 
psr: 8.8
@@TRAX:status "136.31,157.28,80.3,75.9"
@@TRAX:frame "file:///raid/hustxly/VOT/VOT-Tracker/workspace/sequences/fish3/00000101.jpg" 
psr: 8.79
@@TRAX:status "136.31,157.28,80.3,75.9"
@@TRAX:frame "file:///raid/hustxly/VOT/VOT-Tracker/workspace/sequences/fish3/00000102.jpg" 
psr: 9.03
@@TRAX:status "136.31,157.28,80.3,75.9"
@@TRAX:frame "file:///raid/hustxly/VOT/VOT-Tracker/workspace/sequences/fish3/00000103.jpg" 
psr: 9.38
@@TRAX:status "136.31,157.28,80.3,75.9"
@@TRAX:frame "file:///raid/hustxly/VOT/VOT-Tracker/workspace/sequences/fish3/00000104.jpg" 
psr: 9.33
@@TRAX:status "136.31,157.28,80.3,75.9"
@@TRAX:frame "file:///raid/hustxly/VOT/VOT-Tracker/workspace/sequences/fish3/00000105.jpg" 
psr: 9.14
@@TRAX:status "136.31,157.28,80.3,75.9"
@@TRAX:frame "file:///raid/hustxly/VOT/VOT-Tracker/workspace/sequences/fish3/00000106.jpg" 
psr: 9.27
@@TRAX:status "136.31,157.28,80.3,75.9"
@@TRAX:frame "file:///raid/hustxly/VOT/VOT-Tracker/workspace/sequences/fish3/00000107.jpg" 
psr: 9.06
@@TRAX:status "136.31,157.28,80.3,75.9"
@@TRAX:frame "file:///raid/hustxly/VOT/VOT-Tracker/workspace/sequences/fish3/00000108.jpg" 
psr: 9.02
@@TRAX:status "136.31,157.28,80.3,75.9"
@@TRAX:frame "file:///raid/hustxly/VOT/VOT-Tracker/workspace/sequences/fish3/00000109.jpg" 
psr: 8.77
@@TRAX:status "136.31,157.28,80.3,75.9"
@@TRAX:frame "file:///raid/hustxly/VOT/VOT-Tracker/workspace/sequences/fish3/00000110.jpg" 
psr: 8.34
@@TRAX:status "136.31,157.28,80.3,75.9"
@@TRAX:frame "file:///raid/hustxly/VOT/VOT-Tracker/workspace/sequences/fish3/00000111.jpg" 
psr: 8.23
@@TRAX:status "136.31,157.28,80.3,75.9"
@@TRAX:frame "file:///raid/hustxly/VOT/VOT-Tracker/workspace/sequences/fish3/00000112.jpg" 
psr: 7.76
@@TRAX:status "136.31,157.28,80.3,75.9"
@@TRAX:frame "file:///raid/hustxly/VOT/VOT-Tracker/workspace/sequences/fish3/00000113.jpg" 
psr: 7.27
@@TRAX:status "136.31,157.28,80.3,75.9"
@@TRAX:frame "file:///raid/hustxly/VOT/VOT-Tracker/workspace/sequences/fish3/00000114.jpg" 
psr: 7.41
@@TRAX:status "136.31,157.28,80.3,75.9"
@@TRAX:frame "file:///raid/hustxly/VOT/VOT-Tracker/workspace/sequences/fish3/00000115.jpg" 
psr: 7.73
@@TRAX:status "136.31,157.28,80.3,75.9"
@@TRAX:frame "file:///raid/hustxly/VOT/VOT-Tracker/workspace/sequences/fish3/00000116.jpg" 
psr: 8.13
@@TRAX:status "136.31,157.28,80.3,75.9"
@@TRAX:frame "file:///raid/hustxly/VOT/VOT-Tracker/workspace/sequences/fish3/00000117.jpg" 
psr: 8.39
@@TRAX:status "136.31,157.28,80.3,75.9"
@@TRAX:frame "file:///raid/hustxly/VOT/VOT-Tracker/workspace/sequences/fish3/00000118.jpg" 
psr: 8.41
@@TRAX:status "136.31,157.28,80.3,75.9"
@@TRAX:frame "file:///raid/hustxly/VOT/VOT-Tracker/workspace/sequences/fish3/00000119.jpg" 
psr: 8.2
@@TRAX:status "136.31,157.28,80.3,75.9"
@@TRAX:frame "file:///raid/hustxly/VOT/VOT-Tracker/workspace/sequences/fish3/00000120.jpg" 
psr: 8.25
@@TRAX:status "136.31,157.28,80.3,75.9"
@@TRAX:frame "file:///raid/hustxly/VOT/VOT-Tracker/workspace/sequences/fish3/00000121.jpg" 
psr: 8.39
@@TRAX:status "136.31,157.28,80.3,75.9"
@@TRAX:frame "file:///raid/hustxly/VOT/VOT-Tracker/workspace/sequences/fish3/00000122.jpg" 
psr: 8.67
@@TRAX:status "136.31,157.28,80.3,75.9"
@@TRAX:frame "file:///raid/hustxly/VOT/VOT-Tracker/workspace/sequences/fish3/00000123.jpg" 
psr: 8.81
@@TRAX:status "136.31,157.28,80.3,75.9"
@@TRAX:frame "file:///raid/hustxly/VOT/VOT-Tracker/workspace/sequences/fish3/00000124.jpg" 
psr: 8.61
@@TRAX:status "136.31,157.28,80.3,75.9"
@@TRAX:frame "file:///raid/hustxly/VOT/VOT-Tracker/workspace/sequences/fish3/00000125.jpg" 
psr: 8.78
@@TRAX:status "136.31,157.28,80.3,75.9"
@@TRAX:frame "file:///raid/hustxly/VOT/VOT-Tracker/workspace/sequences/fish3/00000126.jpg" 
psr: 8.49
@@TRAX:status "136.31,157.28,80.3,75.9"
@@TRAX:frame "file:///raid/hustxly/VOT/VOT-Tracker/workspace/sequences/fish3/00000127.jpg" 
psr: 8.55
@@TRAX:status "136.31,157.28,80.3,75.9"
@@TRAX:frame "file:///raid/hustxly/VOT/VOT-Tracker/workspace/sequences/fish3/00000128.jpg" 
psr: 8.83
@@TRAX:status "136.31,157.28,80.3,75.9"
@@TRAX:frame "file:///raid/hustxly/VOT/VOT-Tracker/workspace/sequences/fish3/00000129.jpg" 
psr: 8.88
@@TRAX:status "136.31,157.28,80.3,75.9"
@@TRAX:frame "file:///raid/hustxly/VOT/VOT-Tracker/workspace/sequences/fish3/00000130.jpg" 
psr: 9.13
@@TRAX:status "136.31,157.28,80.3,75.9"
@@TRAX:frame "file:///raid/hustxly/VOT/VOT-Tracker/workspace/sequences/fish3/00000131.jpg" 
psr: 9.5
@@TRAX:status "136.31,157.28,80.3,75.9"
@@TRAX:frame "file:///raid/hustxly/VOT/VOT-Tracker/workspace/sequences/fish3/00000132.jpg" 
psr: 9.54
@@TRAX:status "136.31,157.28,80.3,75.9"
@@TRAX:frame "file:///raid/hustxly/VOT/VOT-Tracker/workspace/sequences/fish3/00000133.jpg" 
psr: 9.46
@@TRAX:status "136.31,157.28,80.3,75.9"
@@TRAX:frame "file:///raid/hustxly/VOT/VOT-Tracker/workspace/sequences/fish3/00000134.jpg" 
psr: 9.71
@@TRAX:status "136.31,157.28,80.3,75.9"
@@TRAX:frame "file:///raid/hustxly/VOT/VOT-Tracker/workspace/sequences/fish3/00000135.jpg" 
psr: 9.83
@@TRAX:status "136.31,157.28,80.3,75.9"
@@TRAX:frame "file:///raid/hustxly/VOT/VOT-Tracker/workspace/sequences/fish3/00000136.jpg" 
psr: 9.9
@@TRAX:status "136.31,157.28,80.3,75.9"
@@TRAX:frame "file:///raid/hustxly/VOT/VOT-Tracker/workspace/sequences/fish3/00000137.jpg" 
psr: 10.0
@@TRAX:status "136.31,157.28,80.3,75.9"
@@TRAX:frame "file:///raid/hustxly/VOT/VOT-Tracker/workspace/sequences/fish3/00000138.jpg" 
psr: 9.93
@@TRAX:status "136.31,157.28,80.3,75.9"
@@TRAX:frame "file:///raid/hustxly/VOT/VOT-Tracker/workspace/sequences/fish3/00000139.jpg" 
psr: 10.15
@@TRAX:status "136.31,157.28,80.3,75.9"
@@TRAX:frame "file:///raid/hustxly/VOT/VOT-Tracker/workspace/sequences/fish3/00000140.jpg" 
psr: 9.99
@@TRAX:status "136.31,157.28,80.3,75.9"
@@TRAX:frame "file:///raid/hustxly/VOT/VOT-Tracker/workspace/sequences/fish3/00000141.jpg" 
psr: 10.14
@@TRAX:status "136.31,157.28,80.3,75.9"
@@TRAX:frame "file:///raid/hustxly/VOT/VOT-Tracker/workspace/sequences/fish3/00000142.jpg" 
psr: 9.87
@@TRAX:status "136.31,157.28,80.3,75.9"
@@TRAX:frame "file:///raid/hustxly/VOT/VOT-Tracker/workspace/sequences/fish3/00000143.jpg" 
psr: 10.26
@@TRAX:status "136.31,157.28,80.3,75.9"
@@TRAX:frame "file:///raid/hustxly/VOT/VOT-Tracker/workspace/sequences/fish3/00000144.jpg" 
psr: 10.21
@@TRAX:status "136.31,157.28,80.3,75.9"
@@TRAX:frame "file:///raid/hustxly/VOT/VOT-Tracker/workspace/sequences/fish3/00000145.jpg" 
psr: 10.51
@@TRAX:status "136.31,157.28,80.3,75.9"
@@TRAX:frame "file:///raid/hustxly/VOT/VOT-Tracker/workspace/sequences/fish3/00000146.jpg" 
psr: 10.43
@@TRAX:status "136.31,157.28,80.3,75.9"
@@TRAX:frame "file:///raid/hustxly/VOT/VOT-Tracker/workspace/sequences/fish3/00000147.jpg" 
psr: 10.77
@@TRAX:status "136.31,157.28,80.3,75.9"
@@TRAX:frame "file:///raid/hustxly/VOT/VOT-Tracker/workspace/sequences/fish3/00000148.jpg" 
psr: 10.82
@@TRAX:status "136.31,157.28,80.3,75.9"
@@TRAX:frame "file:///raid/hustxly/VOT/VOT-Tracker/workspace/sequences/fish3/00000149.jpg" 
psr: 10.68
@@TRAX:status "136.31,157.28,80.3,75.9"
@@TRAX:frame "file:///raid/hustxly/VOT/VOT-Tracker/workspace/sequences/fish3/00000150.jpg" 
psr: 10.69
@@TRAX:status "136.31,157.28,80.3,75.9"
@@TRAX:frame "file:///raid/hustxly/VOT/VOT-Tracker/workspace/sequences/fish3/00000151.jpg" 
psr: 10.81
@@TRAX:status "136.31,157.28,80.3,75.9"
@@TRAX:frame "file:///raid/hustxly/VOT/VOT-Tracker/workspace/sequences/fish3/00000152.jpg" 
psr: 10.89
@@TRAX:status "136.31,157.28,80.3,75.9"
@@TRAX:frame "file:///raid/hustxly/VOT/VOT-Tracker/workspace/sequences/fish3/00000153.jpg" 
psr: 10.91
@@TRAX:status "136.31,157.28,80.3,75.9"
@@TRAX:frame "file:///raid/hustxly/VOT/VOT-Tracker/workspace/sequences/fish3/00000154.jpg" 
psr: 10.99
@@TRAX:status "136.31,157.28,80.3,75.9"
@@TRAX:frame "file:///raid/hustxly/VOT/VOT-Tracker/workspace/sequences/fish3/00000155.jpg" 
psr: 10.98
@@TRAX:status "136.31,157.28,80.3,75.9"
@@TRAX:frame "file:///raid/hustxly/VOT/VOT-Tracker/workspace/sequences/fish3/00000156.jpg" 
psr: 11.01
@@TRAX:status "136.31,157.28,80.3,75.9"
@@TRAX:frame "file:///raid/hustxly/VOT/VOT-Tracker/workspace/sequences/fish3/00000157.jpg" 
psr: 10.82
@@TRAX:status "136.31,157.28,80.3,75.9"
@@TRAX:frame "file:///raid/hustxly/VOT/VOT-Tracker/workspace/sequences/fish3/00000158.jpg" 
psr: 10.81
@@TRAX:status "136.31,157.28,80.3,75.9"
@@TRAX:frame "file:///raid/hustxly/VOT/VOT-Tracker/workspace/sequences/fish3/00000159.jpg" 
psr: 10.71
@@TRAX:status "136.31,157.28,80.3,75.9"
@@TRAX:frame "file:///raid/hustxly/VOT/VOT-Tracker/workspace/sequences/fish3/00000160.jpg" 
psr: 10.59
@@TRAX:status "136.31,157.28,80.3,75.9"
@@TRAX:frame "file:///raid/hustxly/VOT/VOT-Tracker/workspace/sequences/fish3/00000161.jpg" 
psr: 10.51
@@TRAX:status "136.31,157.28,80.3,75.9"
@@TRAX:frame "file:///raid/hustxly/VOT/VOT-Tracker/workspace/sequences/fish3/00000162.jpg" 
psr: 10.56
@@TRAX:status "136.31,157.28,80.3,75.9"
@@TRAX:frame "file:///raid/hustxly/VOT/VOT-Tracker/workspace/sequences/fish3/00000163.jpg" 
psr: 10.54
@@TRAX:status "136.31,157.28,80.3,75.9"
@@TRAX:frame "file:///raid/hustxly/VOT/VOT-Tracker/workspace/sequences/fish3/00000164.jpg" 
psr: 10.74
@@TRAX:status "136.31,157.28,80.3,75.9"
@@TRAX:frame "file:///raid/hustxly/VOT/VOT-Tracker/workspace/sequences/fish3/00000165.jpg" 
psr: 10.77
@@TRAX:status "136.31,157.28,80.3,75.9"
@@TRAX:frame "file:///raid/hustxly/VOT/VOT-Tracker/workspace/sequences/fish3/00000166.jpg" 
psr: 10.67
@@TRAX:status "136.31,157.28,80.3,75.9"
@@TRAX:frame "file:///raid/hustxly/VOT/VOT-Tracker/workspace/sequences/fish3/00000167.jpg" 
psr: 10.72
@@TRAX:status "136.31,157.28,80.3,75.9"
@@TRAX:frame "file:///raid/hustxly/VOT/VOT-Tracker/workspace/sequences/fish3/00000168.jpg" 
psr: 10.66
@@TRAX:status "136.31,157.28,80.3,75.9"
@@TRAX:frame "file:///raid/hustxly/VOT/VOT-Tracker/workspace/sequences/fish3/00000169.jpg" 
psr: 10.9
@@TRAX:status "136.31,157.28,80.3,75.9"
@@TRAX:frame "file:///raid/hustxly/VOT/VOT-Tracker/workspace/sequences/fish3/00000170.jpg" 
psr: 10.73
@@TRAX:status "136.31,157.28,80.3,75.9"
@@TRAX:frame "file:///raid/hustxly/VOT/VOT-Tracker/workspace/sequences/fish3/00000171.jpg" 
psr: 10.89
@@TRAX:status "136.31,157.28,80.3,75.9"
@@TRAX:frame "file:///raid/hustxly/VOT/VOT-Tracker/workspace/sequences/fish3/00000172.jpg" 
psr: 10.68
@@TRAX:status "136.31,157.28,80.3,75.9"
@@TRAX:frame "file:///raid/hustxly/VOT/VOT-Tracker/workspace/sequences/fish3/00000173.jpg" 
psr: 10.86
@@TRAX:status "136.31,157.28,80.3,75.9"
@@TRAX:frame "file:///raid/hustxly/VOT/VOT-Tracker/workspace/sequences/fish3/00000174.jpg" 
psr: 11.04
@@TRAX:status "136.31,157.28,80.3,75.9"
@@TRAX:frame "file:///raid/hustxly/VOT/VOT-Tracker/workspace/sequences/fish3/00000175.jpg" 
psr: 11.02
@@TRAX:status "136.31,157.28,80.3,75.9"
@@TRAX:frame "file:///raid/hustxly/VOT/VOT-Tracker/workspace/sequences/fish3/00000176.jpg" 
psr: 11.16
@@TRAX:status "136.31,157.28,80.3,75.9"
@@TRAX:frame "file:///raid/hustxly/VOT/VOT-Tracker/workspace/sequences/fish3/00000177.jpg" 
psr: 11.11
@@TRAX:status "136.31,157.28,80.3,75.9"
@@TRAX:frame "file:///raid/hustxly/VOT/VOT-Tracker/workspace/sequences/fish3/00000178.jpg" 
psr: 11.09
@@TRAX:status "136.31,157.28,80.3,75.9"
@@TRAX:frame "file:///raid/hustxly/VOT/VOT-Tracker/workspace/sequences/fish3/00000179.jpg" 
psr: 11.34
@@TRAX:status "136.31,157.28,80.3,75.9"
@@TRAX:frame "file:///raid/hustxly/VOT/VOT-Tracker/workspace/sequences/fish3/00000180.jpg" 
psr: 11.12
@@TRAX:status "136.31,157.28,80.3,75.9"
@@TRAX:frame "file:///raid/hustxly/VOT/VOT-Tracker/workspace/sequences/fish3/00000181.jpg" 
psr: 11.05
@@TRAX:status "136.31,157.28,80.3,75.9"
@@TRAX:frame "file:///raid/hustxly/VOT/VOT-Tracker/workspace/sequences/fish3/00000182.jpg" 
psr: 11.32
@@TRAX:status "136.31,157.28,80.3,75.9"
@@TRAX:frame "file:///raid/hustxly/VOT/VOT-Tracker/workspace/sequences/fish3/00000183.jpg" 
psr: 11.14
@@TRAX:status "136.31,157.28,80.3,75.9"
@@TRAX:frame "file:///raid/hustxly/VOT/VOT-Tracker/workspace/sequences/fish3/00000184.jpg" 
psr: 11.06
@@TRAX:status "136.31,157.28,80.3,75.9"
@@TRAX:frame "file:///raid/hustxly/VOT/VOT-Tracker/workspace/sequences/fish3/00000185.jpg" 
psr: 11.29
@@TRAX:status "136.31,157.28,80.3,75.9"
@@TRAX:frame "file:///raid/hustxly/VOT/VOT-Tracker/workspace/sequences/fish3/00000186.jpg" 
psr: 11.28
@@TRAX:status "136.31,157.28,80.3,75.9"
@@TRAX:frame "file:///raid/hustxly/VOT/VOT-Tracker/workspace/sequences/fish3/00000187.jpg" 
psr: 11.17
@@TRAX:status "136.31,157.28,80.3,75.9"
@@TRAX:frame "file:///raid/hustxly/VOT/VOT-Tracker/workspace/sequences/fish3/00000188.jpg" 
psr: 11.06
@@TRAX:status "136.31,157.28,80.3,75.9"
@@TRAX:frame "file:///raid/hustxly/VOT/VOT-Tracker/workspace/sequences/fish3/00000189.jpg" 
psr: 10.99
@@TRAX:status "136.31,157.28,80.3,75.9"
@@TRAX:frame "file:///raid/hustxly/VOT/VOT-Tracker/workspace/sequences/fish3/00000190.jpg" 
psr: 11.15
@@TRAX:status "136.31,157.28,80.3,75.9"
@@TRAX:frame "file:///raid/hustxly/VOT/VOT-Tracker/workspace/sequences/fish3/00000191.jpg" 
psr: 11.25
@@TRAX:status "136.31,157.28,80.3,75.9"
@@TRAX:frame "file:///raid/hustxly/VOT/VOT-Tracker/workspace/sequences/fish3/00000192.jpg" 
psr: 11.28
@@TRAX:status "136.31,157.28,80.3,75.9"
@@TRAX:frame "file:///raid/hustxly/VOT/VOT-Tracker/workspace/sequences/fish3/00000193.jpg" 
psr: 11.31
@@TRAX:status "136.31,157.28,80.3,75.9"
@@TRAX:frame "file:///raid/hustxly/VOT/VOT-Tracker/workspace/sequences/fish3/00000194.jpg" 
psr: 11.51
@@TRAX:status "136.31,157.28,80.3,75.9"
@@TRAX:frame "file:///raid/hustxly/VOT/VOT-Tracker/workspace/sequences/fish3/00000195.jpg" 
psr: 11.76
@@TRAX:status "136.31,157.28,80.3,75.9"
@@TRAX:frame "file:///raid/hustxly/VOT/VOT-Tracker/workspace/sequences/fish3/00000196.jpg" 
psr: 11.58
@@TRAX:status "136.31,157.28,80.3,75.9"
@@TRAX:frame "file:///raid/hustxly/VOT/VOT-Tracker/workspace/sequences/fish3/00000197.jpg" 
psr: 11.56
@@TRAX:status "136.31,157.28,80.3,75.9"
@@TRAX:frame "file:///raid/hustxly/VOT/VOT-Tracker/workspace/sequences/fish3/00000198.jpg" 
psr: 11.38
@@TRAX:status "136.31,157.28,80.3,75.9"
@@TRAX:frame "file:///raid/hustxly/VOT/VOT-Tracker/workspace/sequences/fish3/00000199.jpg" 
psr: 11.27
@@TRAX:status "136.31,157.28,80.3,75.9"
@@TRAX:frame "file:///raid/hustxly/VOT/VOT-Tracker/workspace/sequences/fish3/00000200.jpg" 
psr: 11.12
@@TRAX:status "136.31,157.28,80.3,75.9"
@@TRAX:frame "file:///raid/hustxly/VOT/VOT-Tracker/workspace/sequences/fish3/00000201.jpg" 
psr: 11.01
@@TRAX:status "136.31,157.28,80.3,75.9"
@@TRAX:frame "file:///raid/hustxly/VOT/VOT-Tracker/workspace/sequences/fish3/00000202.jpg" 
psr: 10.83
@@TRAX:status "136.31,157.28,80.3,75.9"
@@TRAX:frame "file:///raid/hustxly/VOT/VOT-Tracker/workspace/sequences/fish3/00000203.jpg" 
psr: 10.82
@@TRAX:status "136.31,157.28,80.3,75.9"
@@TRAX:frame "file:///raid/hustxly/VOT/VOT-Tracker/workspace/sequences/fish3/00000204.jpg" 
psr: 10.6
@@TRAX:status "136.31,157.28,80.3,75.9"
@@TRAX:frame "file:///raid/hustxly/VOT/VOT-Tracker/workspace/sequences/fish3/00000205.jpg" 
psr: 10.71
@@TRAX:status "136.31,157.28,80.3,75.9"
@@TRAX:frame "file:///raid/hustxly/VOT/VOT-Tracker/workspace/sequences/fish3/00000206.jpg" 
psr: 10.79
@@TRAX:status "136.31,157.28,80.3,75.9"
@@TRAX:frame "file:///raid/hustxly/VOT/VOT-Tracker/workspace/sequences/fish3/00000207.jpg" 
psr: 10.7
@@TRAX:status "136.31,157.28,80.3,75.9"
@@TRAX:frame "file:///raid/hustxly/VOT/VOT-Tracker/workspace/sequences/fish3/00000208.jpg" 
psr: 10.71
@@TRAX:status "136.31,157.28,80.3,75.9"
@@TRAX:frame "file:///raid/hustxly/VOT/VOT-Tracker/workspace/sequences/fish3/00000209.jpg" 
psr: 10.67
@@TRAX:status "136.31,157.28,80.3,75.9"
@@TRAX:frame "file:///raid/hustxly/VOT/VOT-Tracker/workspace/sequences/fish3/00000210.jpg" 
psr: 10.78
@@TRAX:status "136.31,157.28,80.3,75.9"
@@TRAX:frame "file:///raid/hustxly/VOT/VOT-Tracker/workspace/sequences/fish3/00000211.jpg" 
psr: 10.75
@@TRAX:status "136.31,157.28,80.3,75.9"
@@TRAX:frame "file:///raid/hustxly/VOT/VOT-Tracker/workspace/sequences/fish3/00000212.jpg" 
psr: 10.83
@@TRAX:status "136.31,157.28,80.3,75.9"
@@TRAX:frame "file:///raid/hustxly/VOT/VOT-Tracker/workspace/sequences/fish3/00000213.jpg" 
psr: 10.84
@@TRAX:status "136.31,157.28,80.3,75.9"
@@TRAX:frame "file:///raid/hustxly/VOT/VOT-Tracker/workspace/sequences/fish3/00000214.jpg" 
psr: 10.91
@@TRAX:status "136.31,157.28,80.3,75.9"
@@TRAX:frame "file:///raid/hustxly/VOT/VOT-Tracker/workspace/sequences/fish3/00000215.jpg" 
psr: 10.79
@@TRAX:status "136.31,157.28,80.3,75.9"
@@TRAX:frame "file:///raid/hustxly/VOT/VOT-Tracker/workspace/sequences/fish3/00000216.jpg" 
psr: 10.71
@@TRAX:status "136.31,157.28,80.3,75.9"
@@TRAX:frame "file:///raid/hustxly/VOT/VOT-Tracker/workspace/sequences/fish3/00000217.jpg" 
psr: 10.49
@@TRAX:status "136.31,157.28,80.3,75.9"
@@TRAX:frame "file:///raid/hustxly/VOT/VOT-Tracker/workspace/sequences/fish3/00000218.jpg" 
psr: 10.25
@@TRAX:status "136.31,157.28,80.3,75.9"
@@TRAX:frame "file:///raid/hustxly/VOT/VOT-Tracker/workspace/sequences/fish3/00000219.jpg" 
psr: 10.31
@@TRAX:status "136.31,157.28,80.3,75.9"
@@TRAX:frame "file:///raid/hustxly/VOT/VOT-Tracker/workspace/sequences/fish3/00000220.jpg" 
psr: 10.18
@@TRAX:status "136.31,157.28,80.3,75.9"
@@TRAX:frame "file:///raid/hustxly/VOT/VOT-Tracker/workspace/sequences/fish3/00000221.jpg" 
psr: 10.18
@@TRAX:status "136.31,157.28,80.3,75.9"
@@TRAX:frame "file:///raid/hustxly/VOT/VOT-Tracker/workspace/sequences/fish3/00000222.jpg" 
psr: 10.33
@@TRAX:status "136.31,157.28,80.3,75.9"
@@TRAX:frame "file:///raid/hustxly/VOT/VOT-Tracker/workspace/sequences/fish3/00000223.jpg" 
psr: 10.5
@@TRAX:status "136.31,157.28,80.3,75.9"
@@TRAX:frame "file:///raid/hustxly/VOT/VOT-Tracker/workspace/sequences/fish3/00000224.jpg" 
psr: 10.58
@@TRAX:status "136.31,157.28,80.3,75.9"
@@TRAX:frame "file:///raid/hustxly/VOT/VOT-Tracker/workspace/sequences/fish3/00000225.jpg" 
psr: 10.79
@@TRAX:status "136.31,157.28,80.3,75.9"
@@TRAX:frame "file:///raid/hustxly/VOT/VOT-Tracker/workspace/sequences/fish3/00000226.jpg" 
psr: 10.76
@@TRAX:status "136.31,157.28,80.3,75.9"
@@TRAX:frame "file:///raid/hustxly/VOT/VOT-Tracker/workspace/sequences/fish3/00000227.jpg" 
psr: 10.71
@@TRAX:status "136.31,157.28,80.3,75.9"
@@TRAX:frame "file:///raid/hustxly/VOT/VOT-Tracker/workspace/sequences/fish3/00000228.jpg" 
psr: 10.57
@@TRAX:status "136.31,157.28,80.3,75.9"
@@TRAX:frame "file:///raid/hustxly/VOT/VOT-Tracker/workspace/sequences/fish3/00000229.jpg" 
psr: 10.26
@@TRAX:status "136.31,157.28,80.3,75.9"
@@TRAX:frame "file:///raid/hustxly/VOT/VOT-Tracker/workspace/sequences/fish3/00000230.jpg" 
psr: 10.25
@@TRAX:status "136.31,157.28,80.3,75.9"
@@TRAX:frame "file:///raid/hustxly/VOT/VOT-Tracker/workspace/sequences/fish3/00000231.jpg" 
psr: 10.28
@@TRAX:status "136.31,157.28,80.3,75.9"
@@TRAX:frame "file:///raid/hustxly/VOT/VOT-Tracker/workspace/sequences/fish3/00000232.jpg" 
psr: 10.4
@@TRAX:status "136.31,157.28,80.3,75.9"
@@TRAX:frame "file:///raid/hustxly/VOT/VOT-Tracker/workspace/sequences/fish3/00000233.jpg" 
psr: 10.52
@@TRAX:status "136.31,157.28,80.3,75.9"
@@TRAX:frame "file:///raid/hustxly/VOT/VOT-Tracker/workspace/sequences/fish3/00000234.jpg" 
psr: 10.7
@@TRAX:status "136.31,157.28,80.3,75.9"
@@TRAX:frame "file:///raid/hustxly/VOT/VOT-Tracker/workspace/sequences/fish3/00000235.jpg" 
psr: 10.95
@@TRAX:status "136.31,157.28,80.3,75.9"
@@TRAX:frame "file:///raid/hustxly/VOT/VOT-Tracker/workspace/sequences/fish3/00000236.jpg" 
psr: 11.06
@@TRAX:status "136.31,157.28,80.3,75.9"
@@TRAX:frame "file:///raid/hustxly/VOT/VOT-Tracker/workspace/sequences/fish3/00000237.jpg" 
psr: 11.03
@@TRAX:status "136.31,157.28,80.3,75.9"
@@TRAX:frame "file:///raid/hustxly/VOT/VOT-Tracker/workspace/sequences/fish3/00000238.jpg" 
psr: 10.86
@@TRAX:status "136.31,157.28,80.3,75.9"
@@TRAX:frame "file:///raid/hustxly/VOT/VOT-Tracker/workspace/sequences/fish3/00000239.jpg" 
psr: 10.81
@@TRAX:status "136.31,157.28,80.3,75.9"
@@TRAX:frame "file:///raid/hustxly/VOT/VOT-Tracker/workspace/sequences/fish3/00000240.jpg" 
psr: 10.97
@@TRAX:status "136.31,157.28,80.3,75.9"
@@TRAX:frame "file:///raid/hustxly/VOT/VOT-Tracker/workspace/sequences/fish3/00000241.jpg" 
psr: 11.01
@@TRAX:status "136.31,157.28,80.3,75.9"
@@TRAX:frame "file:///raid/hustxly/VOT/VOT-Tracker/workspace/sequences/fish3/00000242.jpg" 
psr: 11.24
@@TRAX:status "136.31,157.28,80.3,75.9"
@@TRAX:frame "file:///raid/hustxly/VOT/VOT-Tracker/workspace/sequences/fish3/00000243.jpg" 
psr: 11.26
@@TRAX:status "136.31,157.28,80.3,75.9"
@@TRAX:frame "file:///raid/hustxly/VOT/VOT-Tracker/workspace/sequences/fish3/00000244.jpg" 
psr: 11.33
@@TRAX:status "136.31,157.28,80.3,75.9"
@@TRAX:frame "file:///raid/hustxly/VOT/VOT-Tracker/workspace/sequences/fish3/00000245.jpg" 
psr: 11.36
@@TRAX:status "136.31,157.28,80.3,75.9"
@@TRAX:frame "file:///raid/hustxly/VOT/VOT-Tracker/workspace/sequences/fish3/00000246.jpg" 
psr: 11.21
@@TRAX:status "136.31,157.28,80.3,75.9"
@@TRAX:frame "file:///raid/hustxly/VOT/VOT-Tracker/workspace/sequences/fish3/00000247.jpg" 
psr: 11.36
@@TRAX:status "136.31,157.28,80.3,75.9"
@@TRAX:frame "file:///raid/hustxly/VOT/VOT-Tracker/workspace/sequences/fish3/00000248.jpg" 
psr: 11.45
@@TRAX:status "136.31,157.28,80.3,75.9"
@@TRAX:frame "file:///raid/hustxly/VOT/VOT-Tracker/workspace/sequences/fish3/00000249.jpg" 
psr: 11.57
@@TRAX:status "136.31,157.28,80.3,75.9"
@@TRAX:frame "file:///raid/hustxly/VOT/VOT-Tracker/workspace/sequences/fish3/00000250.jpg" 
psr: 11.48
@@TRAX:status "136.31,157.28,80.3,75.9"
@@TRAX:frame "file:///raid/hustxly/VOT/VOT-Tracker/workspace/sequences/fish3/00000251.jpg" 
psr: 11.85
@@TRAX:status "136.31,157.28,80.3,75.9"
@@TRAX:frame "file:///raid/hustxly/VOT/VOT-Tracker/workspace/sequences/fish3/00000252.jpg" 
psr: 11.81
@@TRAX:status "136.31,157.28,80.3,75.9"
@@TRAX:frame "file:///raid/hustxly/VOT/VOT-Tracker/workspace/sequences/fish3/00000253.jpg" 
psr: 11.65
@@TRAX:status "136.31,157.28,80.3,75.9"
@@TRAX:frame "file:///raid/hustxly/VOT/VOT-Tracker/workspace/sequences/fish3/00000254.jpg" 
psr: 11.92
@@TRAX:status "136.31,157.28,80.3,75.9"
@@TRAX:frame "file:///raid/hustxly/VOT/VOT-Tracker/workspace/sequences/fish3/00000255.jpg" 
psr: 11.82
@@TRAX:status "136.31,157.28,80.3,75.9"
@@TRAX:frame "file:///raid/hustxly/VOT/VOT-Tracker/workspace/sequences/fish3/00000256.jpg" 
psr: 11.75
@@TRAX:status "136.31,157.28,80.3,75.9"
@@TRAX:frame "file:///raid/hustxly/VOT/VOT-Tracker/workspace/sequences/fish3/00000257.jpg" 
psr: 11.98
@@TRAX:status "136.31,157.28,80.3,75.9"
@@TRAX:frame "file:///raid/hustxly/VOT/VOT-Tracker/workspace/sequences/fish3/00000258.jpg" 
psr: 12.09
@@TRAX:status "136.31,157.28,80.3,75.9"
@@TRAX:frame "file:///raid/hustxly/VOT/VOT-Tracker/workspace/sequences/fish3/00000259.jpg" 
psr: 12.17
@@TRAX:status "136.31,157.28,80.3,75.9"
@@TRAX:frame "file:///raid/hustxly/VOT/VOT-Tracker/workspace/sequences/fish3/00000260.jpg" 
psr: 12.15
@@TRAX:status "136.31,157.28,80.3,75.9"
@@TRAX:frame "file:///raid/hustxly/VOT/VOT-Tracker/workspace/sequences/fish3/00000261.jpg" 
psr: 12.09
@@TRAX:status "136.31,157.28,80.3,75.9"
@@TRAX:frame "file:///raid/hustxly/VOT/VOT-Tracker/workspace/sequences/fish3/00000262.jpg" 
psr: 12.05
@@TRAX:status "136.31,157.28,80.3,75.9"
@@TRAX:frame "file:///raid/hustxly/VOT/VOT-Tracker/workspace/sequences/fish3/00000263.jpg" 
psr: 12.05
@@TRAX:status "136.31,157.28,80.3,75.9"
@@TRAX:frame "file:///raid/hustxly/VOT/VOT-Tracker/workspace/sequences/fish3/00000264.jpg" 
psr: 11.83
@@TRAX:status "136.31,157.28,80.3,75.9"
@@TRAX:frame "file:///raid/hustxly/VOT/VOT-Tracker/workspace/sequences/fish3/00000265.jpg" 
psr: 11.81
@@TRAX:status "136.31,157.28,80.3,75.9"
@@TRAX:frame "file:///raid/hustxly/VOT/VOT-Tracker/workspace/sequences/fish3/00000266.jpg" 
psr: 12.08
@@TRAX:status "136.31,157.28,80.3,75.9"
@@TRAX:frame "file:///raid/hustxly/VOT/VOT-Tracker/workspace/sequences/fish3/00000267.jpg" 
psr: 12.11
@@TRAX:status "136.31,157.28,80.3,75.9"
@@TRAX:frame "file:///raid/hustxly/VOT/VOT-Tracker/workspace/sequences/fish3/00000268.jpg" 
psr: 12.14
@@TRAX:status "136.31,157.28,80.3,75.9"
@@TRAX:frame "file:///raid/hustxly/VOT/VOT-Tracker/workspace/sequences/fish3/00000269.jpg" 
psr: 12.15
@@TRAX:status "136.31,157.28,80.3,75.9"
@@TRAX:frame "file:///raid/hustxly/VOT/VOT-Tracker/workspace/sequences/fish3/00000270.jpg" 
psr: 12.16
@@TRAX:status "136.31,157.28,80.3,75.9"
@@TRAX:frame "file:///raid/hustxly/VOT/VOT-Tracker/workspace/sequences/fish3/00000271.jpg" 
psr: 12.16
@@TRAX:status "136.31,157.28,80.3,75.9"
@@TRAX:frame "file:///raid/hustxly/VOT/VOT-Tracker/workspace/sequences/fish3/00000272.jpg" 
psr: 12.19
@@TRAX:status "136.31,157.28,80.3,75.9"
@@TRAX:frame "file:///raid/hustxly/VOT/VOT-Tracker/workspace/sequences/fish3/00000273.jpg" 
psr: 12.09
@@TRAX:status "136.31,157.28,80.3,75.9"
@@TRAX:frame "file:///raid/hustxly/VOT/VOT-Tracker/workspace/sequences/fish3/00000274.jpg" 
psr: 11.98
@@TRAX:status "136.31,157.28,80.3,75.9"
@@TRAX:frame "file:///raid/hustxly/VOT/VOT-Tracker/workspace/sequences/fish3/00000275.jpg" 
psr: 12.0
@@TRAX:status "136.31,157.28,80.3,75.9"
@@TRAX:frame "file:///raid/hustxly/VOT/VOT-Tracker/workspace/sequences/fish3/00000276.jpg" 
psr: 12.01
@@TRAX:status "136.31,157.28,80.3,75.9"
@@TRAX:frame "file:///raid/hustxly/VOT/VOT-Tracker/workspace/sequences/fish3/00000277.jpg" 
psr: 11.89
@@TRAX:status "136.31,157.28,80.3,75.9"
@@TRAX:frame "file:///raid/hustxly/VOT/VOT-Tracker/workspace/sequences/fish3/00000278.jpg" 
psr: 11.96
@@TRAX:status "136.31,157.28,80.3,75.9"
@@TRAX:frame "file:///raid/hustxly/VOT/VOT-Tracker/workspace/sequences/fish3/00000279.jpg" 
psr: 11.76
@@TRAX:status "136.31,157.28,80.3,75.9"
@@TRAX:frame "file:///raid/hustxly/VOT/VOT-Tracker/workspace/sequences/fish3/00000280.jpg" 
psr: 11.74
@@TRAX:status "136.31,157.28,80.3,75.9"
@@TRAX:frame "file:///raid/hustxly/VOT/VOT-Tracker/workspace/sequences/fish3/00000281.jpg" 
psr: 11.65
@@TRAX:status "136.31,157.28,80.3,75.9"
@@TRAX:frame "file:///raid/hustxly/VOT/VOT-Tracker/workspace/sequences/fish3/00000282.jpg" 
psr: 11.59
@@TRAX:status "136.31,157.28,80.3,75.9"
@@TRAX:frame "file:///raid/hustxly/VOT/VOT-Tracker/workspace/sequences/fish3/00000283.jpg" 
psr: 11.52
@@TRAX:status "136.31,157.28,80.3,75.9"
@@TRAX:frame "file:///raid/hustxly/VOT/VOT-Tracker/workspace/sequences/fish3/00000284.jpg" 
psr: 11.5
@@TRAX:status "136.31,157.28,80.3,75.9"
@@TRAX:frame "file:///raid/hustxly/VOT/VOT-Tracker/workspace/sequences/fish3/00000285.jpg" 
psr: 11.38
@@TRAX:status "136.31,157.28,80.3,75.9"
@@TRAX:frame "file:///raid/hustxly/VOT/VOT-Tracker/workspace/sequences/fish3/00000286.jpg" 
psr: 11.3
@@TRAX:status "136.31,157.28,80.3,75.9"
@@TRAX:frame "file:///raid/hustxly/VOT/VOT-Tracker/workspace/sequences/fish3/00000287.jpg" 
psr: 11.35
@@TRAX:status "136.31,157.28,80.3,75.9"
@@TRAX:frame "file:///raid/hustxly/VOT/VOT-Tracker/workspace/sequences/fish3/00000288.jpg" 
psr: 11.23
@@TRAX:status "136.31,157.28,80.3,75.9"
@@TRAX:frame "file:///raid/hustxly/VOT/VOT-Tracker/workspace/sequences/fish3/00000289.jpg" 
psr: 11.16
@@TRAX:status "136.31,157.28,80.3,75.9"
@@TRAX:frame "file:///raid/hustxly/VOT/VOT-Tracker/workspace/sequences/fish3/00000290.jpg" 
psr: 11.07
@@TRAX:status "136.31,157.28,80.3,75.9"
@@TRAX:frame "file:///raid/hustxly/VOT/VOT-Tracker/workspace/sequences/fish3/00000291.jpg" 
psr: 11.1
@@TRAX:status "136.31,157.28,80.3,75.9"
@@TRAX:frame "file:///raid/hustxly/VOT/VOT-Tracker/workspace/sequences/fish3/00000292.jpg" 
psr: 11.05
@@TRAX:status "136.31,157.28,80.3,75.9"
@@TRAX:frame "file:///raid/hustxly/VOT/VOT-Tracker/workspace/sequences/fish3/00000293.jpg" 
psr: 10.81
@@TRAX:status "136.31,157.28,80.3,75.9"
@@TRAX:frame "file:///raid/hustxly/VOT/VOT-Tracker/workspace/sequences/fish3/00000294.jpg" 
psr: 10.66
@@TRAX:status "136.31,157.28,80.3,75.9"
@@TRAX:frame "file:///raid/hustxly/VOT/VOT-Tracker/workspace/sequences/fish3/00000295.jpg" 
psr: 10.54
@@TRAX:status "136.31,157.28,80.3,75.9"
@@TRAX:frame "file:///raid/hustxly/VOT/VOT-Tracker/workspace/sequences/fish3/00000296.jpg" 
psr: 10.63
@@TRAX:status "136.31,157.28,80.3,75.9"
@@TRAX:frame "file:///raid/hustxly/VOT/VOT-Tracker/workspace/sequences/fish3/00000297.jpg" 
psr: 10.43
@@TRAX:status "136.31,157.28,80.3,75.9"
@@TRAX:frame "file:///raid/hustxly/VOT/VOT-Tracker/workspace/sequences/fish3/00000298.jpg" 
psr: 10.41
@@TRAX:status "136.31,157.28,80.3,75.9"
@@TRAX:frame "file:///raid/hustxly/VOT/VOT-Tracker/workspace/sequences/fish3/00000299.jpg" 
psr: 10.7
@@TRAX:status "136.31,157.28,80.3,75.9"
@@TRAX:frame "file:///raid/hustxly/VOT/VOT-Tracker/workspace/sequences/fish3/00000300.jpg" 
psr: 10.64
@@TRAX:status "136.31,157.28,80.3,75.9"
@@TRAX:quit 
I tensorflow/stream_executor/dso_loader.cc:135] successfully opened CUDA library libcublas.so.8.0 locally
I tensorflow/stream_executor/dso_loader.cc:135] successfully opened CUDA library libcudnn.so.5 locally
I tensorflow/stream_executor/dso_loader.cc:135] successfully opened CUDA library libcufft.so.8.0 locally
I tensorflow/stream_executor/dso_loader.cc:135] successfully opened CUDA library libcuda.so.1 locally
I tensorflow/stream_executor/dso_loader.cc:135] successfully opened CUDA library libcurand.so.8.0 locally
@@TRAX:hello "trax.image=path" "trax.region=rectangle" "trax.version=1"
@@TRAX:initialize "file:///raid/hustxly/VOT/VOT-Tracker/workspace/sequences/fish3/00000305.jpg" "222.7400,193.8400,97.6800,41.8800" 
@@TRAX:status "222.74,193.84,97.68,41.88"
@@TRAX:frame "file:///raid/hustxly/VOT/VOT-Tracker/workspace/sequences/fish3/00000306.jpg" 
W tensorflow/core/platform/cpu_feature_guard.cc:45] The TensorFlow library wasn't compiled to use SSE3 instructions, but these are available on your machine and could speed up CPU computations.
W tensorflow/core/platform/cpu_feature_guard.cc:45] The TensorFlow library wasn't compiled to use SSE4.1 instructions, but these are available on your machine and could speed up CPU computations.
W tensorflow/core/platform/cpu_feature_guard.cc:45] The TensorFlow library wasn't compiled to use SSE4.2 instructions, but these are available on your machine and could speed up CPU computations.
W tensorflow/core/platform/cpu_feature_guard.cc:45] The TensorFlow library wasn't compiled to use AVX instructions, but these are available on your machine and could speed up CPU computations.
W tensorflow/core/platform/cpu_feature_guard.cc:45] The TensorFlow library wasn't compiled to use AVX2 instructions, but these are available on your machine and could speed up CPU computations.
W tensorflow/core/platform/cpu_feature_guard.cc:45] The TensorFlow library wasn't compiled to use FMA instructions, but these are available on your machine and could speed up CPU computations.
I tensorflow/core/common_runtime/gpu/gpu_device.cc:885] Found device 0 with properties: 
name: GeForce GTX TITAN X
major: 5 minor: 2 memoryClockRate (GHz) 1.076
pciBusID 0000:0a:00.0
Total memory: 11.92GiB
Free memory: 11.81GiB
W tensorflow/stream_executor/cuda/cuda_driver.cc:590] creating context when one is currently active; existing: 0x4da6500
@@TRAX:quit 
I tensorflow/core/common_runtime/gpu/gpu_device.cc:885] Found device 1 with properties: 
name: GeForce GTX TITAN X
major: 5 minor: 2 memoryClockRate (GHz) 1.076
pciBusID 0000:09:00.0
Total memory: 11.92GiB
Free memory: 11.81GiB
W tensorflow/stream_executor/cuda/cuda_driver.cc:590] creating context when one is currently active; existing: 0x4daa300
I tensorflow/core/common_runtime/gpu/gpu_device.cc:885] Found device 2 with properties: 
name: GeForce GTX TITAN X
major: 5 minor: 2 memoryClockRate (GHz) 1.076
pciBusID 0000:06:00.0
Total memory: 11.92GiB
Free memory: 11.81GiB
W tensorflow/stream_executor/cuda/cuda_driver.cc:590] creating context when one is currently active; existing: 0x4dae130
I tensorflow/core/common_runtime/gpu/gpu_device.cc:885] Found device 3 with properties: 
name: GeForce GTX TITAN X
major: 5 minor: 2 memoryClockRate (GHz) 1.076
pciBusID 0000:05:00.0
Total memory: 11.92GiB
Free memory: 11.52GiB
I tensorflow/core/common_runtime/gpu/gpu_device.cc:906] DMA: 0 1 2 3 
I tensorflow/core/common_runtime/gpu/gpu_device.cc:916] 0:   Y Y Y Y 
I tensorflow/core/common_runtime/gpu/gpu_device.cc:916] 1:   Y Y Y Y 
I tensorflow/core/common_runtime/gpu/gpu_device.cc:916] 2:   Y Y Y Y 
I tensorflow/core/common_runtime/gpu/gpu_device.cc:916] 3:   Y Y Y Y 
I tensorflow/core/common_runtime/gpu/gpu_device.cc:975] Creating TensorFlow device (/gpu:0) -> (device: 0, name: GeForce GTX TITAN X, pci bus id: 0000:0a:00.0)
I tensorflow/core/common_runtime/gpu/gpu_device.cc:975] Creating TensorFlow device (/gpu:1) -> (device: 1, name: GeForce GTX TITAN X, pci bus id: 0000:09:00.0)
I tensorflow/core/common_runtime/gpu/gpu_device.cc:975] Creating TensorFlow device (/gpu:2) -> (device: 2, name: GeForce GTX TITAN X, pci bus id: 0000:06:00.0)
I tensorflow/core/common_runtime/gpu/gpu_device.cc:975] Creating TensorFlow device (/gpu:3) -> (device: 3, name: GeForce GTX TITAN X, pci bus id: 0000:05:00.0)

